Mono path[0] = 'C:/Users/메타에듀/Desktop/2차배포_통합런쳐(COM3,보라센서)/Prototype_Data/Managed'
Mono config path = 'C:/Users/메타에듀/Desktop/2차배포_통합런쳐(COM3,보라센서)/MonoBleedingEdge/etc'
Found 1 interfaces on host : 0) 192.168.0.43
Multi-casting "[IP] 192.168.0.43 [Port] 55000 [Flags] 2 [Guid] 1405725987 [EditorId] 1922138904 [Version] 1048832 [Id] WindowsPlayer(2,DESKTOP-T5B3P6I) [Debug] 1 [PackageName] WindowsPlayer [ProjectName] Prototype" to [225.0.0.222:54997]...
Starting managed debugger on port 56987
Using monoOptions --debugger-agent=transport=dt_socket,embedding=1,server=y,suspend=n,address=0.0.0.0:56987
Initialize engine version: 2021.3.21f1 (1b156197d683)
[Subsystems] Discovering subsystems at path C:/Users/메타에듀/Desktop/2차배포_통합런쳐(COM3,보라센서)/Prototype_Data/UnitySubsystems
GfxDevice: creating device client; threaded=1; jobified=0
d3d12: loaded!
Direct3D:
    Version:         Direct3D 12 [level 12.1]
    Renderer:        AMD Radeon(TM) Graphics (ID=0x1638)
    Vendor:          ATI
    VRAM:            7108 MB
    App VRAM Budget: 8427 MB
    Driver:          31.0.12027.9001
    Unified Memory Architecture
d3d12: Profiler is enabled, but stable power state is not. GPU timing errors are expected.
Begin MonoManager ReloadAssembly
- Completed reload, in  0.076 seconds
D3D11 device created for Microsoft Media Foundation video decoding.
<RI> Initializing input.
New input system (experimental) initialized
Using XInput
XInput1_3.dll not found. Trying XInput9_1_0.dll instead...
<RI> Input initialized.
<RI> Initialized touch support.
The referenced script on this Behaviour (Game Object 'Button_2') is missing!
The referenced script on this Behaviour (Game Object 'Button_Next') is missing!
The referenced script on this Behaviour (Game Object 'Button_4') is missing!
The referenced script on this Behaviour (Game Object 'Button_Student_Save') is missing!
The referenced script on this Behaviour (Game Object 'Icon_Bg') is missing!
The referenced script on this Behaviour (Game Object 'Button_2(촉감)') is missing!
The referenced script on this Behaviour (Game Object 'Button_Student_Save') is missing!
The referenced script on this Behaviour (Game Object 'Button_3(먹이)') is missing!
The referenced script on this Behaviour (Game Object 'Button_1(Play)') is missing!
The referenced script on this Behaviour (Game Object 'Button_SurveySubmit') is missing!
The referenced script on this Behaviour (Game Object 'Button_6(생활사)') is missing!
The referenced script on this Behaviour (Game Object 'Button_3') is missing!
The referenced script on this Behaviour (Game Object 'Button_SurveyStart') is missing!
The referenced script on this Behaviour (Game Object 'Button_(TEST)') is missing!
The referenced script on this Behaviour (Game Object 'Button_Student_Select') is missing!
The referenced script on this Behaviour (Game Object 'Button_Place') is missing!
The referenced script on this Behaviour (Game Object 'Button_SurveyStart') is missing!
The referenced script on this Behaviour (Game Object 'Btn_SelectMode') is missing!
The referenced script on this Behaviour (Game Object 'Button_4(Analysis)') is missing!
The referenced script on this Behaviour (Game Object 'Button_2(Replay)') is missing!
The referenced script on this Behaviour (Game Object 'Button_Control') is missing!
The referenced script on this Behaviour (Game Object 'Button_Tool') is missing!
The referenced script on this Behaviour (Game Object 'Button_5(서식지)') is missing!
The referenced script on this Behaviour (Game Object 'Button_Prev') is missing!
The referenced script on this Behaviour (Game Object 'Button_Student_Edit') is missing!
The referenced script on this Behaviour (Game Object 'SurveyButton') is missing!
The referenced script on this Behaviour (Game Object 'Button_Student_Delete') is missing!
The referenced script on this Behaviour (Game Object 'Button_5') is missing!
The referenced script on this Behaviour (Game Object 'Button_Effect') is missing!
The referenced script on this Behaviour (Game Object 'Btn_Result') is missing!
The referenced script on this Behaviour (Game Object 'Button_7(체험활동)') is missing!
The referenced script on this Behaviour (Game Object 'Button_SurveySubmit') is missing!
The referenced script on this Behaviour (Game Object 'Button_4(특징)') is missing!
The referenced script on this Behaviour (Game Object 'Button_5(Listening)') is missing!
The referenced script on this Behaviour (Game Object 'Button_3(Stop)') is missing!
The referenced script on this Behaviour (Game Object 'Button_(TEST) (1)') is missing!
The referenced script on this Behaviour (Game Object 'Button_1') is missing!
The referenced script on this Behaviour (Game Object 'Button_Close') is missing!
The referenced script on this Behaviour (Game Object 'Button_SAVE') is missing!
The referenced script on this Behaviour (Game Object 'Button_1(생김새)') is missing!
The referenced script on this Behaviour (Game Object 'Button_Student_Info') is missing!
The referenced script on this Behaviour (Game Object 'Button_S0') is missing!
The referenced script on this Behaviour (Game Object 'Button_Home') is missing!
The referenced script on this Behaviour (Game Object 'Button_Home') is missing!
The referenced script on this Behaviour (Game Object 'Button_Home') is missing!
The referenced script on this Behaviour (Game Object 'HomeButton') is missing!
The referenced script on this Behaviour (Game Object 'HomeButton') is missing!
The referenced script on this Behaviour (Game Object 'HomeButton') is missing!
The referenced script on this Behaviour (Game Object 'Button_Setting') is missing!
The referenced script on this Behaviour (Game Object 'Button_Setting') is missing!
The referenced script on this Behaviour (Game Object 'Button_Setting') is missing!
The referenced script on this Behaviour (Game Object 'Button_Back') is missing!
The referenced script on this Behaviour (Game Object 'Button_Back') is missing!
The referenced script on this Behaviour (Game Object 'HomeButton') is missing!
The referenced script on this Behaviour (Game Object 'SettingButton') is missing!
The referenced script on this Behaviour (Game Object 'SettingButton') is missing!
The referenced script on this Behaviour (Game Object 'SettingButton') is missing!
The referenced script on this Behaviour (Game Object 'Button_Back') is missing!
The referenced script on this Behaviour (Game Object 'Button_Back') is missing!
The referenced script on this Behaviour (Game Object 'Button_Back') is missing!
UnloadTime: 1.244000 ms
The character used for Underline is not available in font asset [Loading].
UnityEngine.StackTraceUtility:ExtractStackTrace () (at C:/build/output/unity/unity/Runtime/Export/Scripting/StackTrace.cs:37)
UnityEngine.DebugLogHandler:LogFormat (UnityEngine.LogType,UnityEngine.Object,string,object[])
UnityEngine.Logger:Log (UnityEngine.LogType,object,UnityEngine.Object)
UnityEngine.Debug:LogWarning (object,UnityEngine.Object)
TMPro.TMP_Text:GetUnderlineSpecialCharacter (TMPro.TMP_FontAsset) (at C:/Users/gongm/OneDrive/Desktop/Work Repo/METAEDU/Project/Library/PackageCache/com.unity.textmeshpro@3.0.6/Scripts/Runtime/TMP_Text.cs:6081)
TMPro.TMP_Text:GetSpecialCharacters (TMPro.TMP_FontAsset) (at C:/Users/gongm/OneDrive/Desktop/Work Repo/METAEDU/Project/Library/PackageCache/com.unity.textmeshpro@3.0.6/Scripts/Runtime/TMP_Text.cs:6007)
TMPro.TextMeshProUGUI:LoadFontAsset () (at C:/Users/gongm/OneDrive/Desktop/Work Repo/METAEDU/Project/Library/PackageCache/com.unity.textmeshpro@3.0.6/Scripts/Runtime/TMPro_UGUI_Private.cs:574)
TMPro.TextMeshProUGUI:Awake () (at C:/Users/gongm/OneDrive/Desktop/Work Repo/METAEDU/Project/Library/PackageCache/com.unity.textmeshpro@3.0.6/Scripts/Runtime/TMPro_UGUI_Private.cs:121)

(Filename: C:/Users/gongm/OneDrive/Desktop/Work Repo/METAEDU/Project/Library/PackageCache/com.unity.textmeshpro@3.0.6/Scripts/Runtime/TMP_Text.cs Line: 6081)

The character used for Underline is not available in font asset [Loading].
UnityEngine.StackTraceUtility:ExtractStackTrace () (at C:/build/output/unity/unity/Runtime/Export/Scripting/StackTrace.cs:37)
UnityEngine.DebugLogHandler:LogFormat (UnityEngine.LogType,UnityEngine.Object,string,object[])
UnityEngine.Logger:Log (UnityEngine.LogType,object,UnityEngine.Object)
UnityEngine.Debug:LogWarning (object,UnityEngine.Object)
TMPro.TMP_Text:GetUnderlineSpecialCharacter (TMPro.TMP_FontAsset) (at C:/Users/gongm/OneDrive/Desktop/Work Repo/METAEDU/Project/Library/PackageCache/com.unity.textmeshpro@3.0.6/Scripts/Runtime/TMP_Text.cs:6081)
TMPro.TMP_Text:GetSpecialCharacters (TMPro.TMP_FontAsset) (at C:/Users/gongm/OneDrive/Desktop/Work Repo/METAEDU/Project/Library/PackageCache/com.unity.textmeshpro@3.0.6/Scripts/Runtime/TMP_Text.cs:6007)
TMPro.TextMeshProUGUI:LoadFontAsset () (at C:/Users/gongm/OneDrive/Desktop/Work Repo/METAEDU/Project/Library/PackageCache/com.unity.textmeshpro@3.0.6/Scripts/Runtime/TMPro_UGUI_Private.cs:574)
TMPro.TextMeshProUGUI:Awake () (at C:/Users/gongm/OneDrive/Desktop/Work Repo/METAEDU/Project/Library/PackageCache/com.unity.textmeshpro@3.0.6/Scripts/Runtime/TMPro_UGUI_Private.cs:121)

(Filename: C:/Users/gongm/OneDrive/Desktop/Work Repo/METAEDU/Project/Library/PackageCache/com.unity.textmeshpro@3.0.6/Scripts/Runtime/TMP_Text.cs Line: 6081)

scene is initialzied
UnityEngine.StackTraceUtility:ExtractStackTrace () (at C:/build/output/unity/unity/Runtime/Export/Scripting/StackTrace.cs:37)
UnityEngine.DebugLogHandler:LogFormat (UnityEngine.LogType,UnityEngine.Object,string,object[])
UnityEngine.Logger:Log (UnityEngine.LogType,object)
UnityEngine.Debug:Log (object)
Base_GameManager:Init () (at C:/Users/gongm/OneDrive/Desktop/Work Repo/METAEDU/Project/Assets/Scripts/Common/Util/Base_GameManager.cs:113)
Base_GameManager:Awake () (at C:/Users/gongm/OneDrive/Desktop/Work Repo/METAEDU/Project/Assets/Scripts/Common/Util/Base_GameManager.cs:82)

(Filename: C:/Users/gongm/OneDrive/Desktop/Work Repo/METAEDU/Project/Assets/Scripts/Common/Util/Base_GameManager.cs Line: 113)

GameSettingDataXML FILE EXIST
UnityEngine.StackTraceUtility:ExtractStackTrace () (at C:/build/output/unity/unity/Runtime/Export/Scripting/StackTrace.cs:37)
UnityEngine.DebugLogHandler:LogFormat (UnityEngine.LogType,UnityEngine.Object,string,object[])
UnityEngine.Logger:Log (UnityEngine.LogType,object)
UnityEngine.Debug:Log (object)
A_SettingManager:CheckAndGenerateXmlFile (string,string) (at C:/Users/gongm/OneDrive/Desktop/Work Repo/METAEDU/Project/Assets/Scripts/Common/A_SettingManager.cs:109)
A_SettingManager:Init () (at C:/Users/gongm/OneDrive/Desktop/Work Repo/METAEDU/Project/Assets/Scripts/Common/A_SettingManager.cs:32)
Managers:Init () (at C:/Users/gongm/OneDrive/Desktop/Work Repo/METAEDU/Project/Assets/Scripts/Common/Managers.cs:122)
Managers:Awake () (at C:/Users/gongm/OneDrive/Desktop/Work Repo/METAEDU/Project/Assets/Scripts/Common/Managers.cs:103)
UnityEngine.GameObject:AddComponent (System.Type) (at C:/build/output/unity/unity/Runtime/Export/Scripting/GameObject.bindings.cs:235)
UnityEngine.GameObject:AddComponent<Managers> () (at C:/build/output/unity/unity/Runtime/Export/Scripting/GameObject.bindings.cs:240)
Utils:GetOrAddComponent<Managers> (UnityEngine.GameObject) (at C:/Users/gongm/OneDrive/Desktop/Work Repo/METAEDU/Project/Assets/Scripts/Common/Util/Utils.cs:151)
Managers:Init () (at C:/Users/gongm/OneDrive/Desktop/Work Repo/METAEDU/Project/Assets/Scripts/Common/Managers.cs:121)
Managers:Awake () (at C:/Users/gongm/OneDrive/Desktop/Work Repo/METAEDU/Project/Assets/Scripts/Common/Managers.cs:103)

(Filename: C:/Users/gongm/OneDrive/Desktop/Work Repo/METAEDU/Project/Assets/Scripts/Common/A_SettingManager.cs Line: 109)

History Checker Active
UnityEngine.StackTraceUtility:ExtractStackTrace () (at C:/build/output/unity/unity/Runtime/Export/Scripting/StackTrace.cs:37)
UnityEngine.DebugLogHandler:LogFormat (UnityEngine.LogType,UnityEngine.Object,string,object[])
UnityEngine.Logger:Log (UnityEngine.LogType,object)
UnityEngine.Debug:Log (object)
A_SettingManager:CheckAndGenerateXmlFile (string,string) (at C:/Users/gongm/OneDrive/Desktop/Work Repo/METAEDU/Project/Assets/Scripts/Common/A_SettingManager.cs:137)
A_SettingManager:Init () (at C:/Users/gongm/OneDrive/Desktop/Work Repo/METAEDU/Project/Assets/Scripts/Common/A_SettingManager.cs:32)
Managers:Init () (at C:/Users/gongm/OneDrive/Desktop/Work Repo/METAEDU/Project/Assets/Scripts/Common/Managers.cs:122)
Managers:Awake () (at C:/Users/gongm/OneDrive/Desktop/Work Repo/METAEDU/Project/Assets/Scripts/Common/Managers.cs:103)
UnityEngine.GameObject:AddComponent (System.Type) (at C:/build/output/unity/unity/Runtime/Export/Scripting/GameObject.bindings.cs:235)
UnityEngine.GameObject:AddComponent<Managers> () (at C:/build/output/unity/unity/Runtime/Export/Scripting/GameObject.bindings.cs:240)
Utils:GetOrAddComponent<Managers> (UnityEngine.GameObject) (at C:/Users/gongm/OneDrive/Desktop/Work Repo/METAEDU/Project/Assets/Scripts/Common/Util/Utils.cs:151)
Managers:Init () (at C:/Users/gongm/OneDrive/Desktop/Work Repo/METAEDU/Project/Assets/Scripts/Common/Managers.cs:121)
Managers:Awake () (at C:/Users/gongm/OneDrive/Desktop/Work Repo/METAEDU/Project/Assets/Scripts/Common/Managers.cs:103)

(Filename: C:/Users/gongm/OneDrive/Desktop/Work Repo/METAEDU/Project/Assets/Scripts/Common/A_SettingManager.cs Line: 137)

Value From Xml Height: 172.00(cm)
UnityEngine.StackTraceUtility:ExtractStackTrace () (at C:/build/output/unity/unity/Runtime/Export/Scripting/StackTrace.cs:37)
UnityEngine.DebugLogHandler:LogFormat (UnityEngine.LogType,UnityEngine.Object,string,object[])
UnityEngine.Logger:Log (UnityEngine.LogType,object)
UnityEngine.Debug:Log (object)
A_SettingManager:LoadSettingParams () (at C:/Users/gongm/OneDrive/Desktop/Work Repo/METAEDU/Project/Assets/Scripts/Common/A_SettingManager.cs:58)
A_SettingManager:Init () (at C:/Users/gongm/OneDrive/Desktop/Work Repo/METAEDU/Project/Assets/Scripts/Common/A_SettingManager.cs:33)
Managers:Init () (at C:/Users/gongm/OneDrive/Desktop/Work Repo/METAEDU/Project/Assets/Scripts/Common/Managers.cs:122)
Managers:Awake () (at C:/Users/gongm/OneDrive/Desktop/Work Repo/METAEDU/Project/Assets/Scripts/Common/Managers.cs:103)
UnityEngine.GameObject:AddComponent (System.Type) (at C:/build/output/unity/unity/Runtime/Export/Scripting/GameObject.bindings.cs:235)
UnityEngine.GameObject:AddComponent<Managers> () (at C:/build/output/unity/unity/Runtime/Export/Scripting/GameObject.bindings.cs:240)
Utils:GetOrAddComponent<Managers> (UnityEngine.GameObject) (at C:/Users/gongm/OneDrive/Desktop/Work Repo/METAEDU/Project/Assets/Scripts/Common/Util/Utils.cs:151)
Managers:Init () (at C:/Users/gongm/OneDrive/Desktop/Work Repo/METAEDU/Project/Assets/Scripts/Common/Managers.cs:121)
Managers:Awake () (at C:/Users/gongm/OneDrive/Desktop/Work Repo/METAEDU/Project/Assets/Scripts/Common/Managers.cs:103)

(Filename: C:/Users/gongm/OneDrive/Desktop/Work Repo/METAEDU/Project/Assets/Scripts/Common/A_SettingManager.cs Line: 58)

load projecotr Xmlhegiht (172) preset suceess. height: 172 (cm)
UnityEngine.StackTraceUtility:ExtractStackTrace () (at C:/build/output/unity/unity/Runtime/Export/Scripting/StackTrace.cs:37)
UnityEngine.DebugLogHandler:LogFormat (UnityEngine.LogType,UnityEngine.Object,string,object[])
UnityEngine.Logger:Log (UnityEngine.LogType,object)
UnityEngine.Debug:Log (object)
A_SettingManager:LoadSettingParams () (at C:/Users/gongm/OneDrive/Desktop/Work Repo/METAEDU/Project/Assets/Scripts/Common/A_SettingManager.cs:64)
A_SettingManager:Init () (at C:/Users/gongm/OneDrive/Desktop/Work Repo/METAEDU/Project/Assets/Scripts/Common/A_SettingManager.cs:33)
Managers:Init () (at C:/Users/gongm/OneDrive/Desktop/Work Repo/METAEDU/Project/Assets/Scripts/Common/Managers.cs:122)
Managers:Awake () (at C:/Users/gongm/OneDrive/Desktop/Work Repo/METAEDU/Project/Assets/Scripts/Common/Managers.cs:103)
UnityEngine.GameObject:AddComponent (System.Type) (at C:/build/output/unity/unity/Runtime/Export/Scripting/GameObject.bindings.cs:235)
UnityEngine.GameObject:AddComponent<Managers> () (at C:/build/output/unity/unity/Runtime/Export/Scripting/GameObject.bindings.cs:240)
Utils:GetOrAddComponent<Managers> (UnityEngine.GameObject) (at C:/Users/gongm/OneDrive/Desktop/Work Repo/METAEDU/Project/Assets/Scripts/Common/Util/Utils.cs:151)
Managers:Init () (at C:/Users/gongm/OneDrive/Desktop/Work Repo/METAEDU/Project/Assets/Scripts/Common/Managers.cs:121)
Managers:Awake () (at C:/Users/gongm/OneDrive/Desktop/Work Repo/METAEDU/Project/Assets/Scripts/Common/Managers.cs:103)

(Filename: C:/Users/gongm/OneDrive/Desktop/Work Repo/METAEDU/Project/Assets/Scripts/Common/A_SettingManager.cs Line: 64)

initioal setting completed:  0 (cm) MainVol: 0.5
UnityEngine.StackTraceUtility:ExtractStackTrace () (at C:/build/output/unity/unity/Runtime/Export/Scripting/StackTrace.cs:37)
UnityEngine.DebugLogHandler:LogFormat (UnityEngine.LogType,UnityEngine.Object,string,object[])
UnityEngine.Logger:Log (UnityEngine.LogType,object)
UnityEngine.Debug:Log (object)
A_SettingManager:LoadSettingParams () (at C:/Users/gongm/OneDrive/Desktop/Work Repo/METAEDU/Project/Assets/Scripts/Common/A_SettingManager.cs:83)
A_SettingManager:Init () (at C:/Users/gongm/OneDrive/Desktop/Work Repo/METAEDU/Project/Assets/Scripts/Common/A_SettingManager.cs:33)
Managers:Init () (at C:/Users/gongm/OneDrive/Desktop/Work Repo/METAEDU/Project/Assets/Scripts/Common/Managers.cs:122)
Managers:Awake () (at C:/Users/gongm/OneDrive/Desktop/Work Repo/METAEDU/Project/Assets/Scripts/Common/Managers.cs:103)
UnityEngine.GameObject:AddComponent (System.Type) (at C:/build/output/unity/unity/Runtime/Export/Scripting/GameObject.bindings.cs:235)
UnityEngine.GameObject:AddComponent<Managers> () (at C:/build/output/unity/unity/Runtime/Export/Scripting/GameObject.bindings.cs:240)
Utils:GetOrAddComponent<Managers> (UnityEngine.GameObject) (at C:/Users/gongm/OneDrive/Desktop/Work Repo/METAEDU/Project/Assets/Scripts/Common/Util/Utils.cs:151)
Managers:Init () (at C:/Users/gongm/OneDrive/Desktop/Work Repo/METAEDU/Project/Assets/Scripts/Common/Managers.cs:121)
Managers:Awake () (at C:/Users/gongm/OneDrive/Desktop/Work Repo/METAEDU/Project/Assets/Scripts/Common/Managers.cs:103)

(Filename: C:/Users/gongm/OneDrive/Desktop/Work Repo/METAEDU/Project/Assets/Scripts/Common/A_SettingManager.cs Line: 83)

playInfoHistoryXML FILE EXIST
UnityEngine.StackTraceUtility:ExtractStackTrace () (at C:/build/output/unity/unity/Runtime/Export/Scripting/StackTrace.cs:37)
UnityEngine.DebugLogHandler:LogFormat (UnityEngine.LogType,UnityEngine.Object,string,object[])
UnityEngine.Logger:Log (UnityEngine.LogType,object)
UnityEngine.Debug:Log (object)
PlayerHistoryManager:CheckAndGenerateXmlFile (string,string) (at C:/Users/gongm/OneDrive/Desktop/Work Repo/METAEDU/Project/Assets/Scripts/Common/PlayerHistoryManager.cs:65)
PlayerHistoryManager:Init () (at C:/Users/gongm/OneDrive/Desktop/Work Repo/METAEDU/Project/Assets/Scripts/Common/PlayerHistoryManager.cs:34)
Managers:Init () (at C:/Users/gongm/OneDrive/Desktop/Work Repo/METAEDU/Project/Assets/Scripts/Common/Managers.cs:128)
Managers:Awake () (at C:/Users/gongm/OneDrive/Desktop/Work Repo/METAEDU/Project/Assets/Scripts/Common/Managers.cs:103)
UnityEngine.GameObject:AddComponent (System.Type) (at C:/build/output/unity/unity/Runtime/Export/Scripting/GameObject.bindings.cs:235)
UnityEngine.GameObject:AddComponent<Managers> () (at C:/build/output/unity/unity/Runtime/Export/Scripting/GameObject.bindings.cs:240)
Utils:GetOrAddComponent<Managers> (UnityEngine.GameObject) (at C:/Users/gongm/OneDrive/Desktop/Work Repo/METAEDU/Project/Assets/Scripts/Common/Util/Utils.cs:151)
Managers:Init () (at C:/Users/gongm/OneDrive/Desktop/Work Repo/METAEDU/Project/Assets/Scripts/Common/Managers.cs:121)
Managers:Awake () (at C:/Users/gongm/OneDrive/Desktop/Work Repo/METAEDU/Project/Assets/Scripts/Common/Managers.cs:103)

(Filename: C:/Users/gongm/OneDrive/Desktop/Work Repo/METAEDU/Project/Assets/Scripts/Common/PlayerHistoryManager.cs Line: 65)

History Checker Active
UnityEngine.StackTraceUtility:ExtractStackTrace () (at C:/build/output/unity/unity/Runtime/Export/Scripting/StackTrace.cs:37)
UnityEngine.DebugLogHandler:LogFormat (UnityEngine.LogType,UnityEngine.Object,string,object[])
UnityEngine.Logger:Log (UnityEngine.LogType,object)
UnityEngine.Debug:Log (object)
PlayerHistoryManager:CheckAndGenerateXmlFile (string,string) (at C:/Users/gongm/OneDrive/Desktop/Work Repo/METAEDU/Project/Assets/Scripts/Common/PlayerHistoryManager.cs:83)
PlayerHistoryManager:Init () (at C:/Users/gongm/OneDrive/Desktop/Work Repo/METAEDU/Project/Assets/Scripts/Common/PlayerHistoryManager.cs:34)
Managers:Init () (at C:/Users/gongm/OneDrive/Desktop/Work Repo/METAEDU/Project/Assets/Scripts/Common/Managers.cs:128)
Managers:Awake () (at C:/Users/gongm/OneDrive/Desktop/Work Repo/METAEDU/Project/Assets/Scripts/Common/Managers.cs:103)
UnityEngine.GameObject:AddComponent (System.Type) (at C:/build/output/unity/unity/Runtime/Export/Scripting/GameObject.bindings.cs:235)
UnityEngine.GameObject:AddComponent<Managers> () (at C:/build/output/unity/unity/Runtime/Export/Scripting/GameObject.bindings.cs:240)
Utils:GetOrAddComponent<Managers> (UnityEngine.GameObject) (at C:/Users/gongm/OneDrive/Desktop/Work Repo/METAEDU/Project/Assets/Scripts/Common/Util/Utils.cs:151)
Managers:Init () (at C:/Users/gongm/OneDrive/Desktop/Work Repo/METAEDU/Project/Assets/Scripts/Common/Managers.cs:121)
Managers:Awake () (at C:/Users/gongm/OneDrive/Desktop/Work Repo/METAEDU/Project/Assets/Scripts/Common/Managers.cs:103)

(Filename: C:/Users/gongm/OneDrive/Desktop/Work Repo/METAEDU/Project/Assets/Scripts/Common/PlayerHistoryManager.cs Line: 83)

Managers Set--------
UnityEngine.StackTraceUtility:ExtractStackTrace () (at C:/build/output/unity/unity/Runtime/Export/Scripting/StackTrace.cs:37)
UnityEngine.DebugLogHandler:LogFormat (UnityEngine.LogType,UnityEngine.Object,string,object[])
UnityEngine.Logger:Log (UnityEngine.LogType,object)
UnityEngine.Debug:Log (object)
Managers:Init () (at C:/Users/gongm/OneDrive/Desktop/Work Repo/METAEDU/Project/Assets/Scripts/Common/Managers.cs:131)
Managers:Awake () (at C:/Users/gongm/OneDrive/Desktop/Work Repo/METAEDU/Project/Assets/Scripts/Common/Managers.cs:103)
UnityEngine.GameObject:AddComponent (System.Type) (at C:/build/output/unity/unity/Runtime/Export/Scripting/GameObject.bindings.cs:235)
UnityEngine.GameObject:AddComponent<Managers> () (at C:/build/output/unity/unity/Runtime/Export/Scripting/GameObject.bindings.cs:240)
Utils:GetOrAddComponent<Managers> (UnityEngine.GameObject) (at C:/Users/gongm/OneDrive/Desktop/Work Repo/METAEDU/Project/Assets/Scripts/Common/Util/Utils.cs:151)
Managers:Init () (at C:/Users/gongm/OneDrive/Desktop/Work Repo/METAEDU/Project/Assets/Scripts/Common/Managers.cs:121)
Managers:Awake () (at C:/Users/gongm/OneDrive/Desktop/Work Repo/METAEDU/Project/Assets/Scripts/Common/Managers.cs:103)

(Filename: C:/Users/gongm/OneDrive/Desktop/Work Repo/METAEDU/Project/Assets/Scripts/Common/Managers.cs Line: 131)

GameSettingDataXML FILE EXIST
UnityEngine.StackTraceUtility:ExtractStackTrace () (at C:/build/output/unity/unity/Runtime/Export/Scripting/StackTrace.cs:37)
UnityEngine.DebugLogHandler:LogFormat (UnityEngine.LogType,UnityEngine.Object,string,object[])
UnityEngine.Logger:Log (UnityEngine.LogType,object)
UnityEngine.Debug:Log (object)
A_SettingManager:CheckAndGenerateXmlFile (string,string) (at C:/Users/gongm/OneDrive/Desktop/Work Repo/METAEDU/Project/Assets/Scripts/Common/A_SettingManager.cs:109)
A_SettingManager:Init () (at C:/Users/gongm/OneDrive/Desktop/Work Repo/METAEDU/Project/Assets/Scripts/Common/A_SettingManager.cs:32)
Managers:Init () (at C:/Users/gongm/OneDrive/Desktop/Work Repo/METAEDU/Project/Assets/Scripts/Common/Managers.cs:122)
Managers:Awake () (at C:/Users/gongm/OneDrive/Desktop/Work Repo/METAEDU/Project/Assets/Scripts/Common/Managers.cs:103)

(Filename: C:/Users/gongm/OneDrive/Desktop/Work Repo/METAEDU/Project/Assets/Scripts/Common/A_SettingManager.cs Line: 109)

History Checker Active
UnityEngine.StackTraceUtility:ExtractStackTrace () (at C:/build/output/unity/unity/Runtime/Export/Scripting/StackTrace.cs:37)
UnityEngine.DebugLogHandler:LogFormat (UnityEngine.LogType,UnityEngine.Object,string,object[])
UnityEngine.Logger:Log (UnityEngine.LogType,object)
UnityEngine.Debug:Log (object)
A_SettingManager:CheckAndGenerateXmlFile (string,string) (at C:/Users/gongm/OneDrive/Desktop/Work Repo/METAEDU/Project/Assets/Scripts/Common/A_SettingManager.cs:137)
A_SettingManager:Init () (at C:/Users/gongm/OneDrive/Desktop/Work Repo/METAEDU/Project/Assets/Scripts/Common/A_SettingManager.cs:32)
Managers:Init () (at C:/Users/gongm/OneDrive/Desktop/Work Repo/METAEDU/Project/Assets/Scripts/Common/Managers.cs:122)
Managers:Awake () (at C:/Users/gongm/OneDrive/Desktop/Work Repo/METAEDU/Project/Assets/Scripts/Common/Managers.cs:103)

(Filename: C:/Users/gongm/OneDrive/Desktop/Work Repo/METAEDU/Project/Assets/Scripts/Common/A_SettingManager.cs Line: 137)

Value From Xml Height: 172.00(cm)
UnityEngine.StackTraceUtility:ExtractStackTrace () (at C:/build/output/unity/unity/Runtime/Export/Scripting/StackTrace.cs:37)
UnityEngine.DebugLogHandler:LogFormat (UnityEngine.LogType,UnityEngine.Object,string,object[])
UnityEngine.Logger:Log (UnityEngine.LogType,object)
UnityEngine.Debug:Log (object)
A_SettingManager:LoadSettingParams () (at C:/Users/gongm/OneDrive/Desktop/Work Repo/METAEDU/Project/Assets/Scripts/Common/A_SettingManager.cs:58)
A_SettingManager:Init () (at C:/Users/gongm/OneDrive/Desktop/Work Repo/METAEDU/Project/Assets/Scripts/Common/A_SettingManager.cs:33)
Managers:Init () (at C:/Users/gongm/OneDrive/Desktop/Work Repo/METAEDU/Project/Assets/Scripts/Common/Managers.cs:122)
Managers:Awake () (at C:/Users/gongm/OneDrive/Desktop/Work Repo/METAEDU/Project/Assets/Scripts/Common/Managers.cs:103)

(Filename: C:/Users/gongm/OneDrive/Desktop/Work Repo/METAEDU/Project/Assets/Scripts/Common/A_SettingManager.cs Line: 58)

load projecotr Xmlhegiht (172) preset suceess. height: 172 (cm)
UnityEngine.StackTraceUtility:ExtractStackTrace () (at C:/build/output/unity/unity/Runtime/Export/Scripting/StackTrace.cs:37)
UnityEngine.DebugLogHandler:LogFormat (UnityEngine.LogType,UnityEngine.Object,string,object[])
UnityEngine.Logger:Log (UnityEngine.LogType,object)
UnityEngine.Debug:Log (object)
A_SettingManager:LoadSettingParams () (at C:/Users/gongm/OneDrive/Desktop/Work Repo/METAEDU/Project/Assets/Scripts/Common/A_SettingManager.cs:64)
A_SettingManager:Init () (at C:/Users/gongm/OneDrive/Desktop/Work Repo/METAEDU/Project/Assets/Scripts/Common/A_SettingManager.cs:33)
Managers:Init () (at C:/Users/gongm/OneDrive/Desktop/Work Repo/METAEDU/Project/Assets/Scripts/Common/Managers.cs:122)
Managers:Awake () (at C:/Users/gongm/OneDrive/Desktop/Work Repo/METAEDU/Project/Assets/Scripts/Common/Managers.cs:103)

(Filename: C:/Users/gongm/OneDrive/Desktop/Work Repo/METAEDU/Project/Assets/Scripts/Common/A_SettingManager.cs Line: 64)

initioal setting completed:  172 (cm) MainVol: 0.5
UnityEngine.StackTraceUtility:ExtractStackTrace () (at C:/build/output/unity/unity/Runtime/Export/Scripting/StackTrace.cs:37)
UnityEngine.DebugLogHandler:LogFormat (UnityEngine.LogType,UnityEngine.Object,string,object[])
UnityEngine.Logger:Log (UnityEngine.LogType,object)
UnityEngine.Debug:Log (object)
A_SettingManager:LoadSettingParams () (at C:/Users/gongm/OneDrive/Desktop/Work Repo/METAEDU/Project/Assets/Scripts/Common/A_SettingManager.cs:83)
A_SettingManager:Init () (at C:/Users/gongm/OneDrive/Desktop/Work Repo/METAEDU/Project/Assets/Scripts/Common/A_SettingManager.cs:33)
Managers:Init () (at C:/Users/gongm/OneDrive/Desktop/Work Repo/METAEDU/Project/Assets/Scripts/Common/Managers.cs:122)
Managers:Awake () (at C:/Users/gongm/OneDrive/Desktop/Work Repo/METAEDU/Project/Assets/Scripts/Common/Managers.cs:103)

(Filename: C:/Users/gongm/OneDrive/Desktop/Work Repo/METAEDU/Project/Assets/Scripts/Common/A_SettingManager.cs Line: 83)

Managers Set--------
UnityEngine.StackTraceUtility:ExtractStackTrace () (at C:/build/output/unity/unity/Runtime/Export/Scripting/StackTrace.cs:37)
UnityEngine.DebugLogHandler:LogFormat (UnityEngine.LogType,UnityEngine.Object,string,object[])
UnityEngine.Logger:Log (UnityEngine.LogType,object)
UnityEngine.Debug:Log (object)
Managers:Init () (at C:/Users/gongm/OneDrive/Desktop/Work Repo/METAEDU/Project/Assets/Scripts/Common/Managers.cs:131)
Managers:Awake () (at C:/Users/gongm/OneDrive/Desktop/Work Repo/METAEDU/Project/Assets/Scripts/Common/Managers.cs:103)

(Filename: C:/Users/gongm/OneDrive/Desktop/Work Repo/METAEDU/Project/Assets/Scripts/Common/Managers.cs Line: 131)

DontDestroyOnLoad only works for root GameObjects or components on root GameObjects.
UnityEngine.StackTraceUtility:ExtractStackTrace () (at C:/build/output/unity/unity/Runtime/Export/Scripting/StackTrace.cs:37)
Manager_Sensor:Awake () (at C:/Users/gongm/OneDrive/Desktop/Work Repo/METAEDU/Project/Assets/RplidarTest/Manager_Sensor.cs:31)

[C:/Users/gongm/OneDrive/Desktop/Work Repo/METAEDU/Project/Assets/RplidarTest/Manager_Sensor.cs line 31]

d3d12: upload buffer was full! Waited for COPY queue for 0.884 ms.
Unloading 7 Unused Serialized files (Serialized files now loaded: 0)
UnloadTime: 5.267900 ms
The character used for Underline is not available in font asset [BB012].
UnityEngine.StackTraceUtility:ExtractStackTrace () (at C:/build/output/unity/unity/Runtime/Export/Scripting/StackTrace.cs:37)
UnityEngine.DebugLogHandler:LogFormat (UnityEngine.LogType,UnityEngine.Object,string,object[])
UnityEngine.Logger:Log (UnityEngine.LogType,object,UnityEngine.Object)
UnityEngine.Debug:LogWarning (object,UnityEngine.Object)
TMPro.TMP_Text:GetUnderlineSpecialCharacter (TMPro.TMP_FontAsset) (at C:/Users/gongm/OneDrive/Desktop/Work Repo/METAEDU/Project/Library/PackageCache/com.unity.textmeshpro@3.0.6/Scripts/Runtime/TMP_Text.cs:6081)
TMPro.TMP_Text:GetSpecialCharacters (TMPro.TMP_FontAsset) (at C:/Users/gongm/OneDrive/Desktop/Work Repo/METAEDU/Project/Library/PackageCache/com.unity.textmeshpro@3.0.6/Scripts/Runtime/TMP_Text.cs:6007)
TMPro.TextMeshProUGUI:LoadFontAsset () (at C:/Users/gongm/OneDrive/Desktop/Work Repo/METAEDU/Project/Library/PackageCache/com.unity.textmeshpro@3.0.6/Scripts/Runtime/TMPro_UGUI_Private.cs:574)
TMPro.TextMeshProUGUI:Awake () (at C:/Users/gongm/OneDrive/Desktop/Work Repo/METAEDU/Project/Library/PackageCache/com.unity.textmeshpro@3.0.6/Scripts/Runtime/TMPro_UGUI_Private.cs:121)

(Filename: C:/Users/gongm/OneDrive/Desktop/Work Repo/METAEDU/Project/Library/PackageCache/com.unity.textmeshpro@3.0.6/Scripts/Runtime/TMP_Text.cs Line: 6081)

scene is initialzied
UnityEngine.StackTraceUtility:ExtractStackTrace () (at C:/build/output/unity/unity/Runtime/Export/Scripting/StackTrace.cs:37)
UnityEngine.DebugLogHandler:LogFormat (UnityEngine.LogType,UnityEngine.Object,string,object[])
UnityEngine.Logger:Log (UnityEngine.LogType,object)
UnityEngine.Debug:Log (object)
Base_GameManager:Init () (at C:/Users/gongm/OneDrive/Desktop/Work Repo/METAEDU/Project/Assets/Scripts/Common/Util/Base_GameManager.cs:113)
HandFlip2_BlackPrintsController:Init () (at C:/Users/gongm/OneDrive/Desktop/Work Repo/METAEDU/Project/Assets/Scripts/기본컨텐츠/손발뒤집기/HandFlip2_BlackPrintsController.cs:50)
Base_GameManager:Awake () (at C:/Users/gongm/OneDrive/Desktop/Work Repo/METAEDU/Project/Assets/Scripts/Common/Util/Base_GameManager.cs:82)

(Filename: C:/Users/gongm/OneDrive/Desktop/Work Repo/METAEDU/Project/Assets/Scripts/Common/Util/Base_GameManager.cs Line: 113)

Scene On -------currentScene: BB004, startTime : 2024-09-24 오전 11:17:41
UnityEngine.StackTraceUtility:ExtractStackTrace () (at C:/build/output/unity/unity/Runtime/Export/Scripting/StackTrace.cs:37)
UnityEngine.DebugLogHandler:LogFormat (UnityEngine.LogType,UnityEngine.Object,string,object[])
UnityEngine.Logger:Log (UnityEngine.LogType,object)
UnityEngine.Debug:Log (object)
PlayerHistoryManager:OnSceneLoad (string,System.DateTime) (at C:/Users/gongm/OneDrive/Desktop/Work Repo/METAEDU/Project/Assets/Scripts/Common/PlayerHistoryManager.cs:95)
Base_GameManager:Init () (at C:/Users/gongm/OneDrive/Desktop/Work Repo/METAEDU/Project/Assets/Scripts/Common/Util/Base_GameManager.cs:114)
HandFlip2_BlackPrintsController:Init () (at C:/Users/gongm/OneDrive/Desktop/Work Repo/METAEDU/Project/Assets/Scripts/기본컨텐츠/손발뒤집기/HandFlip2_BlackPrintsController.cs:50)
Base_GameManager:Awake () (at C:/Users/gongm/OneDrive/Desktop/Work Repo/METAEDU/Project/Assets/Scripts/Common/Util/Base_GameManager.cs:82)

(Filename: C:/Users/gongm/OneDrive/Desktop/Work Repo/METAEDU/Project/Assets/Scripts/Common/PlayerHistoryManager.cs Line: 95)

scene is initialzied
UnityEngine.StackTraceUtility:ExtractStackTrace () (at C:/build/output/unity/unity/Runtime/Export/Scripting/StackTrace.cs:37)
UnityEngine.DebugLogHandler:LogFormat (UnityEngine.LogType,UnityEngine.Object,string,object[])
UnityEngine.Logger:Log (UnityEngine.LogType,object)
UnityEngine.Debug:Log (object)
Base_GameManager:Init () (at C:/Users/gongm/OneDrive/Desktop/Work Repo/METAEDU/Project/Assets/Scripts/Common/Util/Base_GameManager.cs:113)
HandFlip2BaseGameManager:Init () (at C:/Users/gongm/OneDrive/Desktop/Work Repo/METAEDU/Project/Assets/Scripts/기본컨텐츠/손발뒤집기/HandFlip2BaseGameManager.cs:262)
Base_GameManager:Awake () (at C:/Users/gongm/OneDrive/Desktop/Work Repo/METAEDU/Project/Assets/Scripts/Common/Util/Base_GameManager.cs:82)

(Filename: C:/Users/gongm/OneDrive/Desktop/Work Repo/METAEDU/Project/Assets/Scripts/Common/Util/Base_GameManager.cs Line: 113)

Scene On -------currentScene: BB004, startTime : 2024-09-24 오전 11:17:41
UnityEngine.StackTraceUtility:ExtractStackTrace () (at C:/build/output/unity/unity/Runtime/Export/Scripting/StackTrace.cs:37)
UnityEngine.DebugLogHandler:LogFormat (UnityEngine.LogType,UnityEngine.Object,string,object[])
UnityEngine.Logger:Log (UnityEngine.LogType,object)
UnityEngine.Debug:Log (object)
PlayerHistoryManager:OnSceneLoad (string,System.DateTime) (at C:/Users/gongm/OneDrive/Desktop/Work Repo/METAEDU/Project/Assets/Scripts/Common/PlayerHistoryManager.cs:95)
Base_GameManager:Init () (at C:/Users/gongm/OneDrive/Desktop/Work Repo/METAEDU/Project/Assets/Scripts/Common/Util/Base_GameManager.cs:114)
HandFlip2BaseGameManager:Init () (at C:/Users/gongm/OneDrive/Desktop/Work Repo/METAEDU/Project/Assets/Scripts/기본컨텐츠/손발뒤집기/HandFlip2BaseGameManager.cs:262)
Base_GameManager:Awake () (at C:/Users/gongm/OneDrive/Desktop/Work Repo/METAEDU/Project/Assets/Scripts/Common/Util/Base_GameManager.cs:82)

(Filename: C:/Users/gongm/OneDrive/Desktop/Work Repo/METAEDU/Project/Assets/Scripts/Common/PlayerHistoryManager.cs Line: 95)

(start)color option length: 6
UnityEngine.StackTraceUtility:ExtractStackTrace () (at C:/build/output/unity/unity/Runtime/Export/Scripting/StackTrace.cs:37)
UnityEngine.DebugLogHandler:LogFormat (UnityEngine.LogType,UnityEngine.Object,string,object[])
UnityEngine.Logger:Log (UnityEngine.LogType,object)
UnityEngine.Debug:Log (object)
HandFlip2BaseGameManager:Init () (at C:/Users/gongm/OneDrive/Desktop/Work Repo/METAEDU/Project/Assets/Scripts/기본컨텐츠/손발뒤집기/HandFlip2BaseGameManager.cs:277)
Base_GameManager:Awake () (at C:/Users/gongm/OneDrive/Desktop/Work Repo/METAEDU/Project/Assets/Scripts/Common/Util/Base_GameManager.cs:82)

(Filename: C:/Users/gongm/OneDrive/Desktop/Work Repo/METAEDU/Project/Assets/Scripts/기본컨텐츠/손발뒤집기/HandFlip2BaseGameManager.cs Line: 277)

DontDestroyOnLoad only works for root GameObjects or components on root GameObjects.
UnityEngine.StackTraceUtility:ExtractStackTrace () (at C:/build/output/unity/unity/Runtime/Export/Scripting/StackTrace.cs:37)
Manager_Sensor:Awake () (at C:/Users/gongm/OneDrive/Desktop/Work Repo/METAEDU/Project/Assets/RplidarTest/Manager_Sensor.cs:31)

[C:/Users/gongm/OneDrive/Desktop/Work Repo/METAEDU/Project/Assets/RplidarTest/Manager_Sensor.cs line 31]

Unloading 262 unused Assets / (13.5 MB). Loaded Objects now: 6340.
Memory consumption went from 126.2 MB to 112.7 MB.
Total: 2.748100 ms (FindLiveObjects: 0.270700 ms CreateObjectMapping: 0.119400 ms MarkObjects: 1.121100 ms  DeleteObjects: 1.236400 ms)

The character used for Underline is not available in font asset [BB004].
UnityEngine.StackTraceUtility:ExtractStackTrace () (at C:/build/output/unity/unity/Runtime/Export/Scripting/StackTrace.cs:37)
UnityEngine.DebugLogHandler:LogFormat (UnityEngine.LogType,UnityEngine.Object,string,object[])
UnityEngine.Logger:Log (UnityEngine.LogType,object,UnityEngine.Object)
UnityEngine.Debug:LogWarning (object,UnityEngine.Object)
TMPro.TMP_Text:GetUnderlineSpecialCharacter (TMPro.TMP_FontAsset) (at C:/Users/gongm/OneDrive/Desktop/Work Repo/METAEDU/Project/Library/PackageCache/com.unity.textmeshpro@3.0.6/Scripts/Runtime/TMP_Text.cs:6081)
TMPro.TMP_Text:GetSpecialCharacters (TMPro.TMP_FontAsset) (at C:/Users/gongm/OneDrive/Desktop/Work Repo/METAEDU/Project/Library/PackageCache/com.unity.textmeshpro@3.0.6/Scripts/Runtime/TMP_Text.cs:6007)
TMPro.TextMeshProUGUI:LoadFontAsset () (at C:/Users/gongm/OneDrive/Desktop/Work Repo/METAEDU/Project/Library/PackageCache/com.unity.textmeshpro@3.0.6/Scripts/Runtime/TMPro_UGUI_Private.cs:574)
TMPro.TMP_Text:set_font (TMPro.TMP_FontAsset) (at C:/Users/gongm/OneDrive/Desktop/Work Repo/METAEDU/Project/Library/PackageCache/com.unity.textmeshpro@3.0.6/Scripts/Runtime/TMP_Text.cs:174)
IntroUIController:LoadUITextInfo () (at C:/Users/gongm/OneDrive/Desktop/Work Repo/METAEDU/Project/Assets/Scripts/IntroUIController.cs:82)
IntroUIController:Init () (at C:/Users/gongm/OneDrive/Desktop/Work Repo/METAEDU/Project/Assets/Scripts/IntroUIController.cs:37)
UI_Base:Start () (at C:/Users/gongm/OneDrive/Desktop/Work Repo/METAEDU/Project/Assets/Scripts/비디오 컨텐츠/UI/UI_Base.cs:24)

(Filename: C:/Users/gongm/OneDrive/Desktop/Work Repo/METAEDU/Project/Library/PackageCache/com.unity.textmeshpro@3.0.6/Scripts/Runtime/TMP_Text.cs Line: 6081)

Filename: RplidarCppA2M12.dll, current Path Of Lida: C:\Windows\system32;C:\Windows;C:\Windows\System32\Wbem;C:\Windows\System32\WindowsPowerShell\v1.0\;C:\Windows\System32\OpenSSH\;C:\Users\메타에듀\AppData\Local\Microsoft\WindowsApps;;C:/Users/메타에듀/Desktop/2차배포_통합런쳐(COM3,보라센서)/Prototype_Data/Plugins_A2M12/x86_64/, 
UnityEngine.StackTraceUtility:ExtractStackTrace () (at C:/build/output/unity/unity/Runtime/Export/Scripting/StackTrace.cs:37)
UnityEngine.DebugLogHandler:LogFormat (UnityEngine.LogType,UnityEngine.Object,string,object[])
UnityEngine.Logger:Log (UnityEngine.LogType,object)
UnityEngine.Debug:Log (object)
RplidarBinding:.cctor () (at C:/Users/gongm/OneDrive/Desktop/Work Repo/METAEDU/Project/Assets/RplidarTest/RplidarBinding.cs:36)
SensorManager:Start () (at C:/Users/gongm/OneDrive/Desktop/Work Repo/METAEDU/Project/Assets/RplidarTest/SensorManager.cs:343)

(Filename: C:/Users/gongm/OneDrive/Desktop/Work Repo/METAEDU/Project/Assets/RplidarTest/RplidarBinding.cs Line: 36)

Connect on COM3 result:0
StartMotor:TrueStartScan:True
UnityEngine.StackTraceUtility:ExtractStackTrace () (at C:/build/output/unity/unity/Runtime/Export/Scripting/StackTrace.cs:37)
UnityEngine.DebugLogHandler:LogFormat (UnityEngine.LogType,UnityEngine.Object,string,object[])
UnityEngine.Logger:Log (UnityEngine.LogType,object)
UnityEngine.Debug:Log (object)
SensorManager:Start () (at C:/Users/gongm/OneDrive/Desktop/Work Repo/METAEDU/Project/Assets/RplidarTest/SensorManager.cs:347)

(Filename: C:/Users/gongm/OneDrive/Desktop/Work Repo/METAEDU/Project/Assets/RplidarTest/SensorManager.cs Line: 347)

Height Set FROM XML:172
UnityEngine.StackTraceUtility:ExtractStackTrace () (at C:/build/output/unity/unity/Runtime/Export/Scripting/StackTrace.cs:37)
UnityEngine.DebugLogHandler:LogFormat (UnityEngine.LogType,UnityEngine.Object,string,object[])
UnityEngine.Logger:Log (UnityEngine.LogType,object)
UnityEngine.Debug:Log (object)
SensorManager:Start () (at C:/Users/gongm/OneDrive/Desktop/Work Repo/METAEDU/Project/Assets/RplidarTest/SensorManager.cs:414)

(Filename: C:/Users/gongm/OneDrive/Desktop/Work Repo/METAEDU/Project/Assets/RplidarTest/SensorManager.cs Line: 414)

Ratio:0.627907
UnityEngine.StackTraceUtility:ExtractStackTrace () (at C:/build/output/unity/unity/Runtime/Export/Scripting/StackTrace.cs:37)
UnityEngine.DebugLogHandler:LogFormat (UnityEngine.LogType,UnityEngine.Object,string,object[])
UnityEngine.Logger:Log (UnityEngine.LogType,object)
UnityEngine.Debug:Log (object)
SensorManager:Start () (at C:/Users/gongm/OneDrive/Desktop/Work Repo/METAEDU/Project/Assets/RplidarTest/SensorManager.cs:415)

(Filename: C:/Users/gongm/OneDrive/Desktop/Work Repo/METAEDU/Project/Assets/RplidarTest/SensorManager.cs Line: 415)

The character with Unicode value \uC54C was not found in the [BB004] font asset or any potential fallbacks. It was replaced by Unicode character \u25A1 in text object [IntroText_Top].
UnityEngine.StackTraceUtility:ExtractStackTrace () (at C:/build/output/unity/unity/Runtime/Export/Scripting/StackTrace.cs:37)
UnityEngine.DebugLogHandler:LogFormat (UnityEngine.LogType,UnityEngine.Object,string,object[])
UnityEngine.Logger:Log (UnityEngine.LogType,object,UnityEngine.Object)
UnityEngine.Debug:LogWarning (object,UnityEngine.Object)
TMPro.TextMeshProUGUI:SetArraySizes (TMPro.TMP_Text/UnicodeChar[]) (at C:/Users/gongm/OneDrive/Desktop/Work Repo/METAEDU/Project/Library/PackageCache/com.unity.textmeshpro@3.0.6/Scripts/Runtime/TMPro_UGUI_Private.cs:1274)
TMPro.TMP_Text:ParseInputText () (at C:/Users/gongm/OneDrive/Desktop/Work Repo/METAEDU/Project/Library/PackageCache/com.unity.textmeshpro@3.0.6/Scripts/Runtime/TMP_Text.cs:1902)
TMPro.TextMeshProUGUI:OnPreRenderCanvas () (at C:/Users/gongm/OneDrive/Desktop/Work Repo/METAEDU/Project/Library/PackageCache/com.unity.textmeshpro@3.0.6/Scripts/Runtime/TMPro_UGUI_Private.cs:1644)
TMPro.TextMeshProUGUI:Rebuild (UnityEngine.UI.CanvasUpdate) (at C:/Users/gongm/OneDrive/Desktop/Work Repo/METAEDU/Project/Library/PackageCache/com.unity.textmeshpro@3.0.6/Scripts/Runtime/TextMeshProUGUI.cs:216)
UnityEngine.UI.CanvasUpdateRegistry:PerformUpdate () (at C:/Users/gongm/OneDrive/Desktop/Work Repo/METAEDU/Project/Library/PackageCache/com.unity.ugui@1.0.0/Runtime/UI/Core/CanvasUpdateRegistry.cs:215)
UnityEngine.Canvas:SendWillRenderCanvases () (at C:/build/output/unity/unity/Modules/UI/ScriptBindings/UICanvas.bindings.cs:96)

(Filename: C:/Users/gongm/OneDrive/Desktop/Work Repo/METAEDU/Project/Library/PackageCache/com.unity.textmeshpro@3.0.6/Scripts/Runtime/TMPro_UGUI_Private.cs Line: 1274)

The character with Unicode value \uB85D was not found in the [BB004] font asset or any potential fallbacks. It was replaced by Unicode character \u25A1 in text object [IntroText_Top].
UnityEngine.StackTraceUtility:ExtractStackTrace () (at C:/build/output/unity/unity/Runtime/Export/Scripting/StackTrace.cs:37)
UnityEngine.DebugLogHandler:LogFormat (UnityEngine.LogType,UnityEngine.Object,string,object[])
UnityEngine.Logger:Log (UnityEngine.LogType,object,UnityEngine.Object)
UnityEngine.Debug:LogWarning (object,UnityEngine.Object)
TMPro.TextMeshProUGUI:SetArraySizes (TMPro.TMP_Text/UnicodeChar[]) (at C:/Users/gongm/OneDrive/Desktop/Work Repo/METAEDU/Project/Library/PackageCache/com.unity.textmeshpro@3.0.6/Scripts/Runtime/TMPro_UGUI_Private.cs:1274)
TMPro.TMP_Text:ParseInputText () (at C:/Users/gongm/OneDrive/Desktop/Work Repo/METAEDU/Project/Library/PackageCache/com.unity.textmeshpro@3.0.6/Scripts/Runtime/TMP_Text.cs:1902)
TMPro.TextMeshProUGUI:OnPreRenderCanvas () (at C:/Users/gongm/OneDrive/Desktop/Work Repo/METAEDU/Project/Library/PackageCache/com.unity.textmeshpro@3.0.6/Scripts/Runtime/TMPro_UGUI_Private.cs:1644)
TMPro.TextMeshProUGUI:Rebuild (UnityEngine.UI.CanvasUpdate) (at C:/Users/gongm/OneDrive/Desktop/Work Repo/METAEDU/Project/Library/PackageCache/com.unity.textmeshpro@3.0.6/Scripts/Runtime/TextMeshProUGUI.cs:216)
UnityEngine.UI.CanvasUpdateRegistry:PerformUpdate () (at C:/Users/gongm/OneDrive/Desktop/Work Repo/METAEDU/Project/Library/PackageCache/com.unity.ugui@1.0.0/Runtime/UI/Core/CanvasUpdateRegistry.cs:215)
UnityEngine.Canvas:SendWillRenderCanvases () (at C:/build/output/unity/unity/Modules/UI/ScriptBindings/UICanvas.bindings.cs:96)

(Filename: C:/Users/gongm/OneDrive/Desktop/Work Repo/METAEDU/Project/Library/PackageCache/com.unity.textmeshpro@3.0.6/Scripts/Runtime/TMPro_UGUI_Private.cs Line: 1274)

The character with Unicode value \uB2EC was not found in the [BB004] font asset or any potential fallbacks. It was replaced by Unicode character \u25A1 in text object [IntroText_Top].
UnityEngine.StackTraceUtility:ExtractStackTrace () (at C:/build/output/unity/unity/Runtime/Export/Scripting/StackTrace.cs:37)
UnityEngine.DebugLogHandler:LogFormat (UnityEngine.LogType,UnityEngine.Object,string,object[])
UnityEngine.Logger:Log (UnityEngine.LogType,object,UnityEngine.Object)
UnityEngine.Debug:LogWarning (object,UnityEngine.Object)
TMPro.TextMeshProUGUI:SetArraySizes (TMPro.TMP_Text/UnicodeChar[]) (at C:/Users/gongm/OneDrive/Desktop/Work Repo/METAEDU/Project/Library/PackageCache/com.unity.textmeshpro@3.0.6/Scripts/Runtime/TMPro_UGUI_Private.cs:1274)
TMPro.TMP_Text:ParseInputText () (at C:/Users/gongm/OneDrive/Desktop/Work Repo/METAEDU/Project/Library/PackageCache/com.unity.textmeshpro@3.0.6/Scripts/Runtime/TMP_Text.cs:1902)
TMPro.TextMeshProUGUI:OnPreRenderCanvas () (at C:/Users/gongm/OneDrive/Desktop/Work Repo/METAEDU/Project/Library/PackageCache/com.unity.textmeshpro@3.0.6/Scripts/Runtime/TMPro_UGUI_Private.cs:1644)
TMPro.TextMeshProUGUI:Rebuild (UnityEngine.UI.CanvasUpdate) (at C:/Users/gongm/OneDrive/Desktop/Work Repo/METAEDU/Project/Library/PackageCache/com.unity.textmeshpro@3.0.6/Scripts/Runtime/TextMeshProUGUI.cs:216)
UnityEngine.UI.CanvasUpdateRegistry:PerformUpdate () (at C:/Users/gongm/OneDrive/Desktop/Work Repo/METAEDU/Project/Library/PackageCache/com.unity.ugui@1.0.0/Runtime/UI/Core/CanvasUpdateRegistry.cs:215)
UnityEngine.Canvas:SendWillRenderCanvases () (at C:/build/output/unity/unity/Modules/UI/ScriptBindings/UICanvas.bindings.cs:96)

(Filename: C:/Users/gongm/OneDrive/Desktop/Work Repo/METAEDU/Project/Library/PackageCache/com.unity.textmeshpro@3.0.6/Scripts/Runtime/TMPro_UGUI_Private.cs Line: 1274)

The character with Unicode value \uB85D was not found in the [BB004] font asset or any potential fallbacks. It was replaced by Unicode character \u25A1 in text object [IntroText_Top].
UnityEngine.StackTraceUtility:ExtractStackTrace () (at C:/build/output/unity/unity/Runtime/Export/Scripting/StackTrace.cs:37)
UnityEngine.DebugLogHandler:LogFormat (UnityEngine.LogType,UnityEngine.Object,string,object[])
UnityEngine.Logger:Log (UnityEngine.LogType,object,UnityEngine.Object)
UnityEngine.Debug:LogWarning (object,UnityEngine.Object)
TMPro.TextMeshProUGUI:SetArraySizes (TMPro.TMP_Text/UnicodeChar[]) (at C:/Users/gongm/OneDrive/Desktop/Work Repo/METAEDU/Project/Library/PackageCache/com.unity.textmeshpro@3.0.6/Scripts/Runtime/TMPro_UGUI_Private.cs:1274)
TMPro.TMP_Text:ParseInputText () (at C:/Users/gongm/OneDrive/Desktop/Work Repo/METAEDU/Project/Library/PackageCache/com.unity.textmeshpro@3.0.6/Scripts/Runtime/TMP_Text.cs:1902)
TMPro.TextMeshProUGUI:OnPreRenderCanvas () (at C:/Users/gongm/OneDrive/Desktop/Work Repo/METAEDU/Project/Library/PackageCache/com.unity.textmeshpro@3.0.6/Scripts/Runtime/TMPro_UGUI_Private.cs:1644)
TMPro.TextMeshProUGUI:Rebuild (UnityEngine.UI.CanvasUpdate) (at C:/Users/gongm/OneDrive/Desktop/Work Repo/METAEDU/Project/Library/PackageCache/com.unity.textmeshpro@3.0.6/Scripts/Runtime/TextMeshProUGUI.cs:216)
UnityEngine.UI.CanvasUpdateRegistry:PerformUpdate () (at C:/Users/gongm/OneDrive/Desktop/Work Repo/METAEDU/Project/Library/PackageCache/com.unity.ugui@1.0.0/Runtime/UI/Core/CanvasUpdateRegistry.cs:215)
UnityEngine.Canvas:SendWillRenderCanvases () (at C:/build/output/unity/unity/Modules/UI/ScriptBindings/UICanvas.bindings.cs:96)

(Filename: C:/Users/gongm/OneDrive/Desktop/Work Repo/METAEDU/Project/Library/PackageCache/com.unity.textmeshpro@3.0.6/Scripts/Runtime/TMPro_UGUI_Private.cs Line: 1274)

The character with Unicode value \uD130 was not found in the [BB004] font asset or any potential fallbacks. It was replaced by Unicode character \u25A1 in text object [IntroText_Top].
UnityEngine.StackTraceUtility:ExtractStackTrace () (at C:/build/output/unity/unity/Runtime/Export/Scripting/StackTrace.cs:37)
UnityEngine.DebugLogHandler:LogFormat (UnityEngine.LogType,UnityEngine.Object,string,object[])
UnityEngine.Logger:Log (UnityEngine.LogType,object,UnityEngine.Object)
UnityEngine.Debug:LogWarning (object,UnityEngine.Object)
TMPro.TextMeshProUGUI:SetArraySizes (TMPro.TMP_Text/UnicodeChar[]) (at C:/Users/gongm/OneDrive/Desktop/Work Repo/METAEDU/Project/Library/PackageCache/com.unity.textmeshpro@3.0.6/Scripts/Runtime/TMPro_UGUI_Private.cs:1274)
TMPro.TMP_Text:ParseInputText () (at C:/Users/gongm/OneDrive/Desktop/Work Repo/METAEDU/Project/Library/PackageCache/com.unity.textmeshpro@3.0.6/Scripts/Runtime/TMP_Text.cs:1902)
TMPro.TextMeshProUGUI:OnPreRenderCanvas () (at C:/Users/gongm/OneDrive/Desktop/Work Repo/METAEDU/Project/Library/PackageCache/com.unity.textmeshpro@3.0.6/Scripts/Runtime/TMPro_UGUI_Private.cs:1644)
TMPro.TextMeshProUGUI:Rebuild (UnityEngine.UI.CanvasUpdate) (at C:/Users/gongm/OneDrive/Desktop/Work Repo/METAEDU/Project/Library/PackageCache/com.unity.textmeshpro@3.0.6/Scripts/Runtime/TextMeshProUGUI.cs:216)
UnityEngine.UI.CanvasUpdateRegistry:PerformUpdate () (at C:/Users/gongm/OneDrive/Desktop/Work Repo/METAEDU/Project/Library/PackageCache/com.unity.ugui@1.0.0/Runtime/UI/Core/CanvasUpdateRegistry.cs:215)
UnityEngine.Canvas:SendWillRenderCanvases () (at C:/build/output/unity/unity/Modules/UI/ScriptBindings/UICanvas.bindings.cs:96)

(Filename: C:/Users/gongm/OneDrive/Desktop/Work Repo/METAEDU/Project/Library/PackageCache/com.unity.textmeshpro@3.0.6/Scripts/Runtime/TMPro_UGUI_Private.cs Line: 1274)

The character with Unicode value \uCE58 was not found in the [BB004] font asset or any potential fallbacks. It was replaced by Unicode character \u25A1 in text object [IntroText_Top].
UnityEngine.StackTraceUtility:ExtractStackTrace () (at C:/build/output/unity/unity/Runtime/Export/Scripting/StackTrace.cs:37)
UnityEngine.DebugLogHandler:LogFormat (UnityEngine.LogType,UnityEngine.Object,string,object[])
UnityEngine.Logger:Log (UnityEngine.LogType,object,UnityEngine.Object)
UnityEngine.Debug:LogWarning (object,UnityEngine.Object)
TMPro.TextMeshProUGUI:SetArraySizes (TMPro.TMP_Text/UnicodeChar[]) (at C:/Users/gongm/OneDrive/Desktop/Work Repo/METAEDU/Project/Library/PackageCache/com.unity.textmeshpro@3.0.6/Scripts/Runtime/TMPro_UGUI_Private.cs:1274)
TMPro.TMP_Text:ParseInputText () (at C:/Users/gongm/OneDrive/Desktop/Work Repo/METAEDU/Project/Library/PackageCache/com.unity.textmeshpro@3.0.6/Scripts/Runtime/TMP_Text.cs:1902)
TMPro.TextMeshProUGUI:OnPreRenderCanvas () (at C:/Users/gongm/OneDrive/Desktop/Work Repo/METAEDU/Project/Library/PackageCache/com.unity.textmeshpro@3.0.6/Scripts/Runtime/TMPro_UGUI_Private.cs:1644)
TMPro.TextMeshProUGUI:Rebuild (UnityEngine.UI.CanvasUpdate) (at C:/Users/gongm/OneDrive/Desktop/Work Repo/METAEDU/Project/Library/PackageCache/com.unity.textmeshpro@3.0.6/Scripts/Runtime/TextMeshProUGUI.cs:216)
UnityEngine.UI.CanvasUpdateRegistry:PerformUpdate () (at C:/Users/gongm/OneDrive/Desktop/Work Repo/METAEDU/Project/Library/PackageCache/com.unity.ugui@1.0.0/Runtime/UI/Core/CanvasUpdateRegistry.cs:215)
UnityEngine.Canvas:SendWillRenderCanvases () (at C:/build/output/unity/unity/Modules/UI/ScriptBindings/UICanvas.bindings.cs:96)

(Filename: C:/Users/gongm/OneDrive/Desktop/Work Repo/METAEDU/Project/Library/PackageCache/com.unity.textmeshpro@3.0.6/Scripts/Runtime/TMPro_UGUI_Private.cs Line: 1274)

The character with Unicode value \uD130 was not found in the [BB004] font asset or any potential fallbacks. It was replaced by Unicode character \u25A1 in text object [IntroText_Top].
UnityEngine.StackTraceUtility:ExtractStackTrace () (at C:/build/output/unity/unity/Runtime/Export/Scripting/StackTrace.cs:37)
UnityEngine.DebugLogHandler:LogFormat (UnityEngine.LogType,UnityEngine.Object,string,object[])
UnityEngine.Logger:Log (UnityEngine.LogType,object,UnityEngine.Object)
UnityEngine.Debug:LogWarning (object,UnityEngine.Object)
TMPro.TextMeshProUGUI:SetArraySizes (TMPro.TMP_Text/UnicodeChar[]) (at C:/Users/gongm/OneDrive/Desktop/Work Repo/METAEDU/Project/Library/PackageCache/com.unity.textmeshpro@3.0.6/Scripts/Runtime/TMPro_UGUI_Private.cs:1274)
TMPro.TMP_Text:ParseInputText () (at C:/Users/gongm/OneDrive/Desktop/Work Repo/METAEDU/Project/Library/PackageCache/com.unity.textmeshpro@3.0.6/Scripts/Runtime/TMP_Text.cs:1902)
TMPro.TextMeshProUGUI:OnPreRenderCanvas () (at C:/Users/gongm/OneDrive/Desktop/Work Repo/METAEDU/Project/Library/PackageCache/com.unity.textmeshpro@3.0.6/Scripts/Runtime/TMPro_UGUI_Private.cs:1644)
TMPro.TextMeshProUGUI:Rebuild (UnityEngine.UI.CanvasUpdate) (at C:/Users/gongm/OneDrive/Desktop/Work Repo/METAEDU/Project/Library/PackageCache/com.unity.textmeshpro@3.0.6/Scripts/Runtime/TextMeshProUGUI.cs:216)
UnityEngine.UI.CanvasUpdateRegistry:PerformUpdate () (at C:/Users/gongm/OneDrive/Desktop/Work Repo/METAEDU/Project/Library/PackageCache/com.unity.ugui@1.0.0/Runtime/UI/Core/CanvasUpdateRegistry.cs:215)
UnityEngine.Canvas:SendWillRenderCanvases () (at C:/build/output/unity/unity/Modules/UI/ScriptBindings/UICanvas.bindings.cs:96)

(Filename: C:/Users/gongm/OneDrive/Desktop/Work Repo/METAEDU/Project/Library/PackageCache/com.unity.textmeshpro@3.0.6/Scripts/Runtime/TMPro_UGUI_Private.cs Line: 1274)

The character with Unicode value \uCE58 was not found in the [BB004] font asset or any potential fallbacks. It was replaced by Unicode character \u25A1 in text object [IntroText_Top].
UnityEngine.StackTraceUtility:ExtractStackTrace () (at C:/build/output/unity/unity/Runtime/Export/Scripting/StackTrace.cs:37)
UnityEngine.DebugLogHandler:LogFormat (UnityEngine.LogType,UnityEngine.Object,string,object[])
UnityEngine.Logger:Log (UnityEngine.LogType,object,UnityEngine.Object)
UnityEngine.Debug:LogWarning (object,UnityEngine.Object)
TMPro.TextMeshProUGUI:SetArraySizes (TMPro.TMP_Text/UnicodeChar[]) (at C:/Users/gongm/OneDrive/Desktop/Work Repo/METAEDU/Project/Library/PackageCache/com.unity.textmeshpro@3.0.6/Scripts/Runtime/TMPro_UGUI_Private.cs:1274)
TMPro.TMP_Text:ParseInputText () (at C:/Users/gongm/OneDrive/Desktop/Work Repo/METAEDU/Project/Library/PackageCache/com.unity.textmeshpro@3.0.6/Scripts/Runtime/TMP_Text.cs:1902)
TMPro.TextMeshProUGUI:OnPreRenderCanvas () (at C:/Users/gongm/OneDrive/Desktop/Work Repo/METAEDU/Project/Library/PackageCache/com.unity.textmeshpro@3.0.6/Scripts/Runtime/TMPro_UGUI_Private.cs:1644)
TMPro.TextMeshProUGUI:Rebuild (UnityEngine.UI.CanvasUpdate) (at C:/Users/gongm/OneDrive/Desktop/Work Repo/METAEDU/Project/Library/PackageCache/com.unity.textmeshpro@3.0.6/Scripts/Runtime/TextMeshProUGUI.cs:216)
UnityEngine.UI.CanvasUpdateRegistry:PerformUpdate () (at C:/Users/gongm/OneDrive/Desktop/Work Repo/METAEDU/Project/Library/PackageCache/com.unity.ugui@1.0.0/Runtime/UI/Core/CanvasUpdateRegistry.cs:215)
UnityEngine.Canvas:SendWillRenderCanvases () (at C:/build/output/unity/unity/Modules/UI/ScriptBindings/UICanvas.bindings.cs:96)

(Filename: C:/Users/gongm/OneDrive/Desktop/Work Repo/METAEDU/Project/Library/PackageCache/com.unity.textmeshpro@3.0.6/Scripts/Runtime/TMPro_UGUI_Private.cs Line: 1274)

The character with Unicode value \uC6A9 was not found in the [CKR_IntroUI_Small] font asset or any potential fallbacks. It was replaced by Unicode character \u25A1 in text object [IntroText_Bottom].
UnityEngine.StackTraceUtility:ExtractStackTrace () (at C:/build/output/unity/unity/Runtime/Export/Scripting/StackTrace.cs:37)
UnityEngine.DebugLogHandler:LogFormat (UnityEngine.LogType,UnityEngine.Object,string,object[])
UnityEngine.Logger:Log (UnityEngine.LogType,object,UnityEngine.Object)
UnityEngine.Debug:LogWarning (object,UnityEngine.Object)
TMPro.TextMeshProUGUI:SetArraySizes (TMPro.TMP_Text/UnicodeChar[]) (at C:/Users/gongm/OneDrive/Desktop/Work Repo/METAEDU/Project/Library/PackageCache/com.unity.textmeshpro@3.0.6/Scripts/Runtime/TMPro_UGUI_Private.cs:1274)
TMPro.TMP_Text:ParseInputText () (at C:/Users/gongm/OneDrive/Desktop/Work Repo/METAEDU/Project/Library/PackageCache/com.unity.textmeshpro@3.0.6/Scripts/Runtime/TMP_Text.cs:1902)
TMPro.TextMeshProUGUI:OnPreRenderCanvas () (at C:/Users/gongm/OneDrive/Desktop/Work Repo/METAEDU/Project/Library/PackageCache/com.unity.textmeshpro@3.0.6/Scripts/Runtime/TMPro_UGUI_Private.cs:1644)
TMPro.TextMeshProUGUI:Rebuild (UnityEngine.UI.CanvasUpdate) (at C:/Users/gongm/OneDrive/Desktop/Work Repo/METAEDU/Project/Library/PackageCache/com.unity.textmeshpro@3.0.6/Scripts/Runtime/TextMeshProUGUI.cs:216)
UnityEngine.UI.CanvasUpdateRegistry:PerformUpdate () (at C:/Users/gongm/OneDrive/Desktop/Work Repo/METAEDU/Project/Library/PackageCache/com.unity.ugui@1.0.0/Runtime/UI/Core/CanvasUpdateRegistry.cs:215)
UnityEngine.Canvas:SendWillRenderCanvases () (at C:/build/output/unity/unity/Modules/UI/ScriptBindings/UICanvas.bindings.cs:96)

(Filename: C:/Users/gongm/OneDrive/Desktop/Work Repo/METAEDU/Project/Library/PackageCache/com.unity.textmeshpro@3.0.6/Scripts/Runtime/TMPro_UGUI_Private.cs Line: 1274)

The character with Unicode value \uC54C was not found in the [BB004] font asset or any potential fallbacks. It was replaced by Unicode character \u25A1 in text object [IntroText_Top].
UnityEngine.StackTraceUtility:ExtractStackTrace () (at C:/build/output/unity/unity/Runtime/Export/Scripting/StackTrace.cs:37)
UnityEngine.DebugLogHandler:LogFormat (UnityEngine.LogType,UnityEngine.Object,string,object[])
UnityEngine.Logger:Log (UnityEngine.LogType,object,UnityEngine.Object)
UnityEngine.Debug:LogWarning (object,UnityEngine.Object)
TMPro.TextMeshProUGUI:SetArraySizes (TMPro.TMP_Text/UnicodeChar[]) (at C:/Users/gongm/OneDrive/Desktop/Work Repo/METAEDU/Project/Library/PackageCache/com.unity.textmeshpro@3.0.6/Scripts/Runtime/TMPro_UGUI_Private.cs:1274)
TMPro.TMP_Text:ParseInputText () (at C:/Users/gongm/OneDrive/Desktop/Work Repo/METAEDU/Project/Library/PackageCache/com.unity.textmeshpro@3.0.6/Scripts/Runtime/TMP_Text.cs:1902)
TMPro.TextMeshProUGUI:OnPreRenderCanvas () (at C:/Users/gongm/OneDrive/Desktop/Work Repo/METAEDU/Project/Library/PackageCache/com.unity.textmeshpro@3.0.6/Scripts/Runtime/TMPro_UGUI_Private.cs:1644)
TMPro.TextMeshProUGUI:UpdateSDFScale (single) (at C:/Users/gongm/OneDrive/Desktop/Work Repo/METAEDU/Project/Library/PackageCache/com.unity.textmeshpro@3.0.6/Scripts/Runtime/TMPro_UGUI_Private.cs:4646)
TMPro.TextMeshProUGUI:InternalUpdate () (at C:/Users/gongm/OneDrive/Desktop/Work Repo/METAEDU/Project/Library/PackageCache/com.unity.textmeshpro@3.0.6/Scripts/Runtime/TMPro_UGUI_Private.cs:1599)
TMPro.TMP_UpdateManager:DoRebuilds () (at C:/Users/gongm/OneDrive/Desktop/Work Repo/METAEDU/Project/Library/PackageCache/com.unity.textmeshpro@3.0.6/Scripts/Runtime/TMP_UpdateManager.cs:159)
UnityEngine.Canvas:SendWillRenderCanvases () (at C:/build/output/unity/unity/Modules/UI/ScriptBindings/UICanvas.bindings.cs:96)

(Filename: C:/Users/gongm/OneDrive/Desktop/Work Repo/METAEDU/Project/Library/PackageCache/com.unity.textmeshpro@3.0.6/Scripts/Runtime/TMPro_UGUI_Private.cs Line: 1274)

The character with Unicode value \uB85D was not found in the [BB004] font asset or any potential fallbacks. It was replaced by Unicode character \u25A1 in text object [IntroText_Top].
UnityEngine.StackTraceUtility:ExtractStackTrace () (at C:/build/output/unity/unity/Runtime/Export/Scripting/StackTrace.cs:37)
UnityEngine.DebugLogHandler:LogFormat (UnityEngine.LogType,UnityEngine.Object,string,object[])
UnityEngine.Logger:Log (UnityEngine.LogType,object,UnityEngine.Object)
UnityEngine.Debug:LogWarning (object,UnityEngine.Object)
TMPro.TextMeshProUGUI:SetArraySizes (TMPro.TMP_Text/UnicodeChar[]) (at C:/Users/gongm/OneDrive/Desktop/Work Repo/METAEDU/Project/Library/PackageCache/com.unity.textmeshpro@3.0.6/Scripts/Runtime/TMPro_UGUI_Private.cs:1274)
TMPro.TMP_Text:ParseInputText () (at C:/Users/gongm/OneDrive/Desktop/Work Repo/METAEDU/Project/Library/PackageCache/com.unity.textmeshpro@3.0.6/Scripts/Runtime/TMP_Text.cs:1902)
TMPro.TextMeshProUGUI:OnPreRenderCanvas () (at C:/Users/gongm/OneDrive/Desktop/Work Repo/METAEDU/Project/Library/PackageCache/com.unity.textmeshpro@3.0.6/Scripts/Runtime/TMPro_UGUI_Private.cs:1644)
TMPro.TextMeshProUGUI:UpdateSDFScale (single) (at C:/Users/gongm/OneDrive/Desktop/Work Repo/METAEDU/Project/Library/PackageCache/com.unity.textmeshpro@3.0.6/Scripts/Runtime/TMPro_UGUI_Private.cs:4646)
TMPro.TextMeshProUGUI:InternalUpdate () (at C:/Users/gongm/OneDrive/Desktop/Work Repo/METAEDU/Project/Library/PackageCache/com.unity.textmeshpro@3.0.6/Scripts/Runtime/TMPro_UGUI_Private.cs:1599)
TMPro.TMP_UpdateManager:DoRebuilds () (at C:/Users/gongm/OneDrive/Desktop/Work Repo/METAEDU/Project/Library/PackageCache/com.unity.textmeshpro@3.0.6/Scripts/Runtime/TMP_UpdateManager.cs:159)
UnityEngine.Canvas:SendWillRenderCanvases () (at C:/build/output/unity/unity/Modules/UI/ScriptBindings/UICanvas.bindings.cs:96)

(Filename: C:/Users/gongm/OneDrive/Desktop/Work Repo/METAEDU/Project/Library/PackageCache/com.unity.textmeshpro@3.0.6/Scripts/Runtime/TMPro_UGUI_Private.cs Line: 1274)

The character with Unicode value \uB2EC was not found in the [BB004] font asset or any potential fallbacks. It was replaced by Unicode character \u25A1 in text object [IntroText_Top].
UnityEngine.StackTraceUtility:ExtractStackTrace () (at C:/build/output/unity/unity/Runtime/Export/Scripting/StackTrace.cs:37)
UnityEngine.DebugLogHandler:LogFormat (UnityEngine.LogType,UnityEngine.Object,string,object[])
UnityEngine.Logger:Log (UnityEngine.LogType,object,UnityEngine.Object)
UnityEngine.Debug:LogWarning (object,UnityEngine.Object)
TMPro.TextMeshProUGUI:SetArraySizes (TMPro.TMP_Text/UnicodeChar[]) (at C:/Users/gongm/OneDrive/Desktop/Work Repo/METAEDU/Project/Library/PackageCache/com.unity.textmeshpro@3.0.6/Scripts/Runtime/TMPro_UGUI_Private.cs:1274)
TMPro.TMP_Text:ParseInputText () (at C:/Users/gongm/OneDrive/Desktop/Work Repo/METAEDU/Project/Library/PackageCache/com.unity.textmeshpro@3.0.6/Scripts/Runtime/TMP_Text.cs:1902)
TMPro.TextMeshProUGUI:OnPreRenderCanvas () (at C:/Users/gongm/OneDrive/Desktop/Work Repo/METAEDU/Project/Library/PackageCache/com.unity.textmeshpro@3.0.6/Scripts/Runtime/TMPro_UGUI_Private.cs:1644)
TMPro.TextMeshProUGUI:UpdateSDFScale (single) (at C:/Users/gongm/OneDrive/Desktop/Work Repo/METAEDU/Project/Library/PackageCache/com.unity.textmeshpro@3.0.6/Scripts/Runtime/TMPro_UGUI_Private.cs:4646)
TMPro.TextMeshProUGUI:InternalUpdate () (at C:/Users/gongm/OneDrive/Desktop/Work Repo/METAEDU/Project/Library/PackageCache/com.unity.textmeshpro@3.0.6/Scripts/Runtime/TMPro_UGUI_Private.cs:1599)
TMPro.TMP_UpdateManager:DoRebuilds () (at C:/Users/gongm/OneDrive/Desktop/Work Repo/METAEDU/Project/Library/PackageCache/com.unity.textmeshpro@3.0.6/Scripts/Runtime/TMP_UpdateManager.cs:159)
UnityEngine.Canvas:SendWillRenderCanvases () (at C:/build/output/unity/unity/Modules/UI/ScriptBindings/UICanvas.bindings.cs:96)

(Filename: C:/Users/gongm/OneDrive/Desktop/Work Repo/METAEDU/Project/Library/PackageCache/com.unity.textmeshpro@3.0.6/Scripts/Runtime/TMPro_UGUI_Private.cs Line: 1274)

The character with Unicode value \uB85D was not found in the [BB004] font asset or any potential fallbacks. It was replaced by Unicode character \u25A1 in text object [IntroText_Top].
UnityEngine.StackTraceUtility:ExtractStackTrace () (at C:/build/output/unity/unity/Runtime/Export/Scripting/StackTrace.cs:37)
UnityEngine.DebugLogHandler:LogFormat (UnityEngine.LogType,UnityEngine.Object,string,object[])
UnityEngine.Logger:Log (UnityEngine.LogType,object,UnityEngine.Object)
UnityEngine.Debug:LogWarning (object,UnityEngine.Object)
TMPro.TextMeshProUGUI:SetArraySizes (TMPro.TMP_Text/UnicodeChar[]) (at C:/Users/gongm/OneDrive/Desktop/Work Repo/METAEDU/Project/Library/PackageCache/com.unity.textmeshpro@3.0.6/Scripts/Runtime/TMPro_UGUI_Private.cs:1274)
TMPro.TMP_Text:ParseInputText () (at C:/Users/gongm/OneDrive/Desktop/Work Repo/METAEDU/Project/Library/PackageCache/com.unity.textmeshpro@3.0.6/Scripts/Runtime/TMP_Text.cs:1902)
TMPro.TextMeshProUGUI:OnPreRenderCanvas () (at C:/Users/gongm/OneDrive/Desktop/Work Repo/METAEDU/Project/Library/PackageCache/com.unity.textmeshpro@3.0.6/Scripts/Runtime/TMPro_UGUI_Private.cs:1644)
TMPro.TextMeshProUGUI:UpdateSDFScale (single) (at C:/Users/gongm/OneDrive/Desktop/Work Repo/METAEDU/Project/Library/PackageCache/com.unity.textmeshpro@3.0.6/Scripts/Runtime/TMPro_UGUI_Private.cs:4646)
TMPro.TextMeshProUGUI:InternalUpdate () (at C:/Users/gongm/OneDrive/Desktop/Work Repo/METAEDU/Project/Library/PackageCache/com.unity.textmeshpro@3.0.6/Scripts/Runtime/TMPro_UGUI_Private.cs:1599)
TMPro.TMP_UpdateManager:DoRebuilds () (at C:/Users/gongm/OneDrive/Desktop/Work Repo/METAEDU/Project/Library/PackageCache/com.unity.textmeshpro@3.0.6/Scripts/Runtime/TMP_UpdateManager.cs:159)
UnityEngine.Canvas:SendWillRenderCanvases () (at C:/build/output/unity/unity/Modules/UI/ScriptBindings/UICanvas.bindings.cs:96)

(Filename: C:/Users/gongm/OneDrive/Desktop/Work Repo/METAEDU/Project/Library/PackageCache/com.unity.textmeshpro@3.0.6/Scripts/Runtime/TMPro_UGUI_Private.cs Line: 1274)

The character with Unicode value \uD130 was not found in the [BB004] font asset or any potential fallbacks. It was replaced by Unicode character \u25A1 in text object [IntroText_Top].
UnityEngine.StackTraceUtility:ExtractStackTrace () (at C:/build/output/unity/unity/Runtime/Export/Scripting/StackTrace.cs:37)
UnityEngine.DebugLogHandler:LogFormat (UnityEngine.LogType,UnityEngine.Object,string,object[])
UnityEngine.Logger:Log (UnityEngine.LogType,object,UnityEngine.Object)
UnityEngine.Debug:LogWarning (object,UnityEngine.Object)
TMPro.TextMeshProUGUI:SetArraySizes (TMPro.TMP_Text/UnicodeChar[]) (at C:/Users/gongm/OneDrive/Desktop/Work Repo/METAEDU/Project/Library/PackageCache/com.unity.textmeshpro@3.0.6/Scripts/Runtime/TMPro_UGUI_Private.cs:1274)
TMPro.TMP_Text:ParseInputText () (at C:/Users/gongm/OneDrive/Desktop/Work Repo/METAEDU/Project/Library/PackageCache/com.unity.textmeshpro@3.0.6/Scripts/Runtime/TMP_Text.cs:1902)
TMPro.TextMeshProUGUI:OnPreRenderCanvas () (at C:/Users/gongm/OneDrive/Desktop/Work Repo/METAEDU/Project/Library/PackageCache/com.unity.textmeshpro@3.0.6/Scripts/Runtime/TMPro_UGUI_Private.cs:1644)
TMPro.TextMeshProUGUI:UpdateSDFScale (single) (at C:/Users/gongm/OneDrive/Desktop/Work Repo/METAEDU/Project/Library/PackageCache/com.unity.textmeshpro@3.0.6/Scripts/Runtime/TMPro_UGUI_Private.cs:4646)
TMPro.TextMeshProUGUI:InternalUpdate () (at C:/Users/gongm/OneDrive/Desktop/Work Repo/METAEDU/Project/Library/PackageCache/com.unity.textmeshpro@3.0.6/Scripts/Runtime/TMPro_UGUI_Private.cs:1599)
TMPro.TMP_UpdateManager:DoRebuilds () (at C:/Users/gongm/OneDrive/Desktop/Work Repo/METAEDU/Project/Library/PackageCache/com.unity.textmeshpro@3.0.6/Scripts/Runtime/TMP_UpdateManager.cs:159)
UnityEngine.Canvas:SendWillRenderCanvases () (at C:/build/output/unity/unity/Modules/UI/ScriptBindings/UICanvas.bindings.cs:96)

(Filename: C:/Users/gongm/OneDrive/Desktop/Work Repo/METAEDU/Project/Library/PackageCache/com.unity.textmeshpro@3.0.6/Scripts/Runtime/TMPro_UGUI_Private.cs Line: 1274)

The character with Unicode value \uCE58 was not found in the [BB004] font asset or any potential fallbacks. It was replaced by Unicode character \u25A1 in text object [IntroText_Top].
UnityEngine.StackTraceUtility:ExtractStackTrace () (at C:/build/output/unity/unity/Runtime/Export/Scripting/StackTrace.cs:37)
UnityEngine.DebugLogHandler:LogFormat (UnityEngine.LogType,UnityEngine.Object,string,object[])
UnityEngine.Logger:Log (UnityEngine.LogType,object,UnityEngine.Object)
UnityEngine.Debug:LogWarning (object,UnityEngine.Object)
TMPro.TextMeshProUGUI:SetArraySizes (TMPro.TMP_Text/UnicodeChar[]) (at C:/Users/gongm/OneDrive/Desktop/Work Repo/METAEDU/Project/Library/PackageCache/com.unity.textmeshpro@3.0.6/Scripts/Runtime/TMPro_UGUI_Private.cs:1274)
TMPro.TMP_Text:ParseInputText () (at C:/Users/gongm/OneDrive/Desktop/Work Repo/METAEDU/Project/Library/PackageCache/com.unity.textmeshpro@3.0.6/Scripts/Runtime/TMP_Text.cs:1902)
TMPro.TextMeshProUGUI:OnPreRenderCanvas () (at C:/Users/gongm/OneDrive/Desktop/Work Repo/METAEDU/Project/Library/PackageCache/com.unity.textmeshpro@3.0.6/Scripts/Runtime/TMPro_UGUI_Private.cs:1644)
TMPro.TextMeshProUGUI:UpdateSDFScale (single) (at C:/Users/gongm/OneDrive/Desktop/Work Repo/METAEDU/Project/Library/PackageCache/com.unity.textmeshpro@3.0.6/Scripts/Runtime/TMPro_UGUI_Private.cs:4646)
TMPro.TextMeshProUGUI:InternalUpdate () (at C:/Users/gongm/OneDrive/Desktop/Work Repo/METAEDU/Project/Library/PackageCache/com.unity.textmeshpro@3.0.6/Scripts/Runtime/TMPro_UGUI_Private.cs:1599)
TMPro.TMP_UpdateManager:DoRebuilds () (at C:/Users/gongm/OneDrive/Desktop/Work Repo/METAEDU/Project/Library/PackageCache/com.unity.textmeshpro@3.0.6/Scripts/Runtime/TMP_UpdateManager.cs:159)
UnityEngine.Canvas:SendWillRenderCanvases () (at C:/build/output/unity/unity/Modules/UI/ScriptBindings/UICanvas.bindings.cs:96)

(Filename: C:/Users/gongm/OneDrive/Desktop/Work Repo/METAEDU/Project/Library/PackageCache/com.unity.textmeshpro@3.0.6/Scripts/Runtime/TMPro_UGUI_Private.cs Line: 1274)

The character with Unicode value \uD130 was not found in the [BB004] font asset or any potential fallbacks. It was replaced by Unicode character \u25A1 in text object [IntroText_Top].
UnityEngine.StackTraceUtility:ExtractStackTrace () (at C:/build/output/unity/unity/Runtime/Export/Scripting/StackTrace.cs:37)
UnityEngine.DebugLogHandler:LogFormat (UnityEngine.LogType,UnityEngine.Object,string,object[])
UnityEngine.Logger:Log (UnityEngine.LogType,object,UnityEngine.Object)
UnityEngine.Debug:LogWarning (object,UnityEngine.Object)
TMPro.TextMeshProUGUI:SetArraySizes (TMPro.TMP_Text/UnicodeChar[]) (at C:/Users/gongm/OneDrive/Desktop/Work Repo/METAEDU/Project/Library/PackageCache/com.unity.textmeshpro@3.0.6/Scripts/Runtime/TMPro_UGUI_Private.cs:1274)
TMPro.TMP_Text:ParseInputText () (at C:/Users/gongm/OneDrive/Desktop/Work Repo/METAEDU/Project/Library/PackageCache/com.unity.textmeshpro@3.0.6/Scripts/Runtime/TMP_Text.cs:1902)
TMPro.TextMeshProUGUI:OnPreRenderCanvas () (at C:/Users/gongm/OneDrive/Desktop/Work Repo/METAEDU/Project/Library/PackageCache/com.unity.textmeshpro@3.0.6/Scripts/Runtime/TMPro_UGUI_Private.cs:1644)
TMPro.TextMeshProUGUI:UpdateSDFScale (single) (at C:/Users/gongm/OneDrive/Desktop/Work Repo/METAEDU/Project/Library/PackageCache/com.unity.textmeshpro@3.0.6/Scripts/Runtime/TMPro_UGUI_Private.cs:4646)
TMPro.TextMeshProUGUI:InternalUpdate () (at C:/Users/gongm/OneDrive/Desktop/Work Repo/METAEDU/Project/Library/PackageCache/com.unity.textmeshpro@3.0.6/Scripts/Runtime/TMPro_UGUI_Private.cs:1599)
TMPro.TMP_UpdateManager:DoRebuilds () (at C:/Users/gongm/OneDrive/Desktop/Work Repo/METAEDU/Project/Library/PackageCache/com.unity.textmeshpro@3.0.6/Scripts/Runtime/TMP_UpdateManager.cs:159)
UnityEngine.Canvas:SendWillRenderCanvases () (at C:/build/output/unity/unity/Modules/UI/ScriptBindings/UICanvas.bindings.cs:96)

(Filename: C:/Users/gongm/OneDrive/Desktop/Work Repo/METAEDU/Project/Library/PackageCache/com.unity.textmeshpro@3.0.6/Scripts/Runtime/TMPro_UGUI_Private.cs Line: 1274)

The character with Unicode value \uCE58 was not found in the [BB004] font asset or any potential fallbacks. It was replaced by Unicode character \u25A1 in text object [IntroText_Top].
UnityEngine.StackTraceUtility:ExtractStackTrace () (at C:/build/output/unity/unity/Runtime/Export/Scripting/StackTrace.cs:37)
UnityEngine.DebugLogHandler:LogFormat (UnityEngine.LogType,UnityEngine.Object,string,object[])
UnityEngine.Logger:Log (UnityEngine.LogType,object,UnityEngine.Object)
UnityEngine.Debug:LogWarning (object,UnityEngine.Object)
TMPro.TextMeshProUGUI:SetArraySizes (TMPro.TMP_Text/UnicodeChar[]) (at C:/Users/gongm/OneDrive/Desktop/Work Repo/METAEDU/Project/Library/PackageCache/com.unity.textmeshpro@3.0.6/Scripts/Runtime/TMPro_UGUI_Private.cs:1274)
TMPro.TMP_Text:ParseInputText () (at C:/Users/gongm/OneDrive/Desktop/Work Repo/METAEDU/Project/Library/PackageCache/com.unity.textmeshpro@3.0.6/Scripts/Runtime/TMP_Text.cs:1902)
TMPro.TextMeshProUGUI:OnPreRenderCanvas () (at C:/Users/gongm/OneDrive/Desktop/Work Repo/METAEDU/Project/Library/PackageCache/com.unity.textmeshpro@3.0.6/Scripts/Runtime/TMPro_UGUI_Private.cs:1644)
TMPro.TextMeshProUGUI:UpdateSDFScale (single) (at C:/Users/gongm/OneDrive/Desktop/Work Repo/METAEDU/Project/Library/PackageCache/com.unity.textmeshpro@3.0.6/Scripts/Runtime/TMPro_UGUI_Private.cs:4646)
TMPro.TextMeshProUGUI:InternalUpdate () (at C:/Users/gongm/OneDrive/Desktop/Work Repo/METAEDU/Project/Library/PackageCache/com.unity.textmeshpro@3.0.6/Scripts/Runtime/TMPro_UGUI_Private.cs:1599)
TMPro.TMP_UpdateManager:DoRebuilds () (at C:/Users/gongm/OneDrive/Desktop/Work Repo/METAEDU/Project/Library/PackageCache/com.unity.textmeshpro@3.0.6/Scripts/Runtime/TMP_UpdateManager.cs:159)
UnityEngine.Canvas:SendWillRenderCanvases () (at C:/build/output/unity/unity/Modules/UI/ScriptBindings/UICanvas.bindings.cs:96)

(Filename: C:/Users/gongm/OneDrive/Desktop/Work Repo/METAEDU/Project/Library/PackageCache/com.unity.textmeshpro@3.0.6/Scripts/Runtime/TMPro_UGUI_Private.cs Line: 1274)

The character with Unicode value \uC6A9 was not found in the [CKR_IntroUI_Small] font asset or any potential fallbacks. It was replaced by Unicode character \u25A1 in text object [IntroText_Bottom].
UnityEngine.StackTraceUtility:ExtractStackTrace () (at C:/build/output/unity/unity/Runtime/Export/Scripting/StackTrace.cs:37)
UnityEngine.DebugLogHandler:LogFormat (UnityEngine.LogType,UnityEngine.Object,string,object[])
UnityEngine.Logger:Log (UnityEngine.LogType,object,UnityEngine.Object)
UnityEngine.Debug:LogWarning (object,UnityEngine.Object)
TMPro.TextMeshProUGUI:SetArraySizes (TMPro.TMP_Text/UnicodeChar[]) (at C:/Users/gongm/OneDrive/Desktop/Work Repo/METAEDU/Project/Library/PackageCache/com.unity.textmeshpro@3.0.6/Scripts/Runtime/TMPro_UGUI_Private.cs:1274)
TMPro.TMP_Text:ParseInputText () (at C:/Users/gongm/OneDrive/Desktop/Work Repo/METAEDU/Project/Library/PackageCache/com.unity.textmeshpro@3.0.6/Scripts/Runtime/TMP_Text.cs:1902)
TMPro.TextMeshProUGUI:OnPreRenderCanvas () (at C:/Users/gongm/OneDrive/Desktop/Work Repo/METAEDU/Project/Library/PackageCache/com.unity.textmeshpro@3.0.6/Scripts/Runtime/TMPro_UGUI_Private.cs:1644)
TMPro.TextMeshProUGUI:UpdateSDFScale (single) (at C:/Users/gongm/OneDrive/Desktop/Work Repo/METAEDU/Project/Library/PackageCache/com.unity.textmeshpro@3.0.6/Scripts/Runtime/TMPro_UGUI_Private.cs:4646)
TMPro.TextMeshProUGUI:InternalUpdate () (at C:/Users/gongm/OneDrive/Desktop/Work Repo/METAEDU/Project/Library/PackageCache/com.unity.textmeshpro@3.0.6/Scripts/Runtime/TMPro_UGUI_Private.cs:1599)
TMPro.TMP_UpdateManager:DoRebuilds () (at C:/Users/gongm/OneDrive/Desktop/Work Repo/METAEDU/Project/Library/PackageCache/com.unity.textmeshpro@3.0.6/Scripts/Runtime/TMP_UpdateManager.cs:159)
UnityEngine.Canvas:SendWillRenderCanvases () (at C:/build/output/unity/unity/Modules/UI/ScriptBindings/UICanvas.bindings.cs:96)

(Filename: C:/Users/gongm/OneDrive/Desktop/Work Repo/METAEDU/Project/Library/PackageCache/com.unity.textmeshpro@3.0.6/Scripts/Runtime/TMPro_UGUI_Private.cs Line: 1274)

Setting up 6 worker threads for Enlighten.
PlayerConnection::CleanupMemory Statistics:
[ALLOC_TEMP_TLS] TLS Allocator
  StackAllocators : 
    [ALLOC_TEMP_MAIN]
      Peak usage frame count: [4.0 KB-8.0 KB]: 633 frames, [8.0 KB-16.0 KB]: 998 frames, [16.0 KB-32.0 KB]: 1 frames, [128.0 KB-256.0 KB]: 2 frames, [0.5 MB-1.0 MB]: 1 frames, [2.0 MB-4.0 MB]: 1 frames
      Initial Block Size 4.0 MB
      Current Block Size 4.0 MB
      Peak Allocated Bytes 2.2 MB
      Overflow Count 0
    [ALLOC_TEMP_Background Job.Worker 14]
      Initial Block Size 32.0 KB
      Current Block Size 32.0 KB
      Peak Allocated Bytes 54 B
      Overflow Count 0
    [ALLOC_TEMP_Background Job.Worker 8]
      Initial Block Size 32.0 KB
      Current Block Size 32.0 KB
      Peak Allocated Bytes 54 B
      Overflow Count 0
    [ALLOC_TEMP_Job.Worker 4]
      Initial Block Size 256.0 KB
      Current Block Size 256.0 KB
      Peak Allocated Bytes 50.1 KB
      Overflow Count 0
    [ALLOC_TEMP_AUDIO_FMOD (WASAPI) feeder thread]
      Initial Block Size 64.0 KB
      Current Block Size 64.0 KB
      Peak Allocated Bytes 168 B
      Overflow Count 0
    [ALLOC_TEMP_Background Job.Worker 10]
      Initial Block Size 32.0 KB
      Current Block Size 32.0 KB
      Peak Allocated Bytes 54 B
      Overflow Count 0
    [ALLOC_TEMP_AUDIO_FMOD mixer thread]
      Initial Block Size 64.0 KB
      Current Block Size 64.0 KB
      Peak Allocated Bytes 54 B
      Overflow Count 0
    [ALLOC_TEMP_Background Job.Worker 1]
      Initial Block Size 32.0 KB
      Current Block Size 32.0 KB
      Peak Allocated Bytes 54 B
      Overflow Count 0
    [ALLOC_TEMP_Background Job.Worker 6]
      Initial Block Size 32.0 KB
      Current Block Size 32.0 KB
      Peak Allocated Bytes 54 B
      Overflow Count 0
    [ALLOC_TEMP_Background Job.Worker 11]
      Initial Block Size 32.0 KB
      Current Block Size 32.0 KB
      Peak Allocated Bytes 54 B
      Overflow Count 0
    [ALLOC_TEMP_Background Job.Worker 3]
      Initial Block Size 32.0 KB
      Current Block Size 32.0 KB
      Peak Allocated Bytes 54 B
      Overflow Count 0
    [ALLOC_TEMP_BatchDeleteObjects]
      Initial Block Size 64.0 KB
      Current Block Size 64.0 KB
      Peak Allocated Bytes 54 B
      Overflow Count 0
    [ALLOC_TEMP_AUDIO_FMOD stream thread]
      Initial Block Size 64.0 KB
      Current Block Size 64.0 KB
      Peak Allocated Bytes 54 B
      Overflow Count 0
    [ALLOC_TEMP_Background Job.Worker 2]
      Initial Block Size 32.0 KB
      Current Block Size 32.0 KB
      Peak Allocated Bytes 54 B
      Overflow Count 0
    [ALLOC_TEMP_Background Job.Worker 7]
      Initial Block Size 32.0 KB
      Current Block Size 32.0 KB
      Peak Allocated Bytes 54 B
      Overflow Count 0
    [ALLOC_TEMP_Job.Worker 8]
      Initial Block Size 256.0 KB
      Current Block Size 256.0 KB
      Peak Allocated Bytes 50.1 KB
      Overflow Count 0
    [ALLOC_TEMP_Job.Worker 1]
      Initial Block Size 256.0 KB
      Current Block Size 256.0 KB
      Peak Allocated Bytes 50.1 KB
      Overflow Count 0
    [ALLOC_TEMP_Job.Worker 10]
      Initial Block Size 256.0 KB
      Current Block Size 256.0 KB
      Peak Allocated Bytes 50.1 KB
      Overflow Count 0
    [ALLOC_TEMP_Loading.PreloadManager]
      Initial Block Size 256.0 KB
      Current Block Size 424.0 KB
      Peak Allocated Bytes 305.2 KB
      Overflow Count 9
    [ALLOC_TEMP_Background Job.Worker 15]
      Initial Block Size 32.0 KB
      Current Block Size 32.0 KB
      Peak Allocated Bytes 54 B
      Overflow Count 0
    [ALLOC_TEMP_Profiler.Dispatcher]
      Initial Block Size 64.0 KB
      Current Block Size 64.0 KB
      Peak Allocated Bytes 0 B
      Overflow Count 0
    [ALLOC_TEMP_Job.Worker 3]
      Initial Block Size 256.0 KB
      Current Block Size 256.0 KB
      Peak Allocated Bytes 50.1 KB
      Overflow Count 0
    [ALLOC_TEMP_Background Job.Worker 12]
      Initial Block Size 32.0 KB
      Current Block Size 32.0 KB
      Peak Allocated Bytes 54 B
      Overflow Count 0
    [ALLOC_TEMP_AssetGarbageCollectorHelper] x 11
      Initial Block Size 64.0 KB
      Current Block Size 64.0 KB
      Peak Allocated Bytes 0 B
      Overflow Count 0
    [ALLOC_TEMP_Background Job.Worker 5]
      Initial Block Size 32.0 KB
      Current Block Size 32.0 KB
      Peak Allocated Bytes 54 B
      Overflow Count 0
    [ALLOC_TEMP_Background Job.Worker 13]
      Initial Block Size 32.0 KB
      Current Block Size 32.0 KB
      Peak Allocated Bytes 54 B
      Overflow Count 0
    [ALLOC_TEMP_Job.Worker 2]
      Initial Block Size 256.0 KB
      Current Block Size 256.0 KB
      Peak Allocated Bytes 50.1 KB
      Overflow Count 0
    [ALLOC_TEMP_Background Job.Worker 0]
      Initial Block Size 32.0 KB
      Current Block Size 32.0 KB
      Peak Allocated Bytes 54 B
      Overflow Count 0
    [ALLOC_TEMP_Background Job.Worker 4]
      Initial Block Size 32.0 KB
      Current Block Size 32.0 KB
      Peak Allocated Bytes 54 B
      Overflow Count 0
    [ALLOC_TEMP_Job.Worker 6]
      Initial Block Size 256.0 KB
      Current Block Size 256.0 KB
      Peak Allocated Bytes 50.1 KB
      Overflow Count 0
    [ALLOC_TEMP_Job.Worker 0]
      Initial Block Size 256.0 KB
      Current Block Size 256.0 KB
      Peak Allocated Bytes 50.1 KB
      Overflow Count 0
    [ALLOC_TEMP_Job.Worker 5]
      Initial Block Size 256.0 KB
      Current Block Size 256.0 KB
      Peak Allocated Bytes 50.1 KB
      Overflow Count 0
    [ALLOC_TEMP_Background Job.Worker 9]
      Initial Block Size 32.0 KB
      Current Block Size 32.0 KB
      Peak Allocated Bytes 54 B
      Overflow Count 0
    [ALLOC_TEMP_AUDIO_FMOD file thread]
      Initial Block Size 64.0 KB
      Current Block Size 64.0 KB
      Peak Allocated Bytes 54 B
      Overflow Count 0
    [ALLOC_TEMP_EnlightenWorker] x 6
      Initial Block Size 64.0 KB
      Current Block Size 64.0 KB
      Peak Allocated Bytes 54 B
      Overflow Count 0
    [ALLOC_TEMP_UnityGfxDeviceWorker]
      Initial Block Size 256.0 KB
      Current Block Size 256.0 KB
      Peak Allocated Bytes 2.0 KB
      Overflow Count 0
    [ALLOC_TEMP_Job.Worker 9]
      Initial Block Size 256.0 KB
      Current Block Size 256.0 KB
      Peak Allocated Bytes 50.1 KB
      Overflow Count 0
    [ALLOC_TEMP_Job.Worker 7]
      Initial Block Size 256.0 KB
      Current Block Size 256.0 KB
      Peak Allocated Bytes 50.1 KB
      Overflow Count 0
    [ALLOC_TEMP_HIDInput]
      Initial Block Size 64.0 KB
      Current Block Size 64.0 KB
      Peak Allocated Bytes 11.8 KB
      Overflow Count 0
    [ALLOC_TEMP_Loading.AsyncRead]
      Initial Block Size 64.0 KB
      Current Block Size 64.0 KB
      Peak Allocated Bytes 396 B
      Overflow Count 0
[ALLOC_MEMORYPROFILER]
  Peak usage frame count: [256.0 KB-0.5 MB]: 476 frames, [0.5 MB-1.0 MB]: 1160 frames
  Requested Block Size 1.0 MB
  Peak Block count 1
  Peak Allocated memory 0.6 MB
  Peak Large allocation bytes 0 B
[ALLOC_DEFAULT] Dual Thread Allocator
  Peak main deferred allocation count 633
    [ALLOC_BUCKET]
      Large Block size 4.0 MB
      Used Block count 1
      Peak Allocated bytes 2.0 MB
      Failed Allocations. Bucket layout:
        16B: 51 Subsections = 17408 buckets. Failed count: 21922
        32B: 46 Subsections = 11776 buckets. Failed count: 81560
        48B: 35 Subsections = 7168 buckets. Failed count: 42918
        64B: 34 Subsections = 5802 buckets. Failed count: 20614
        80B: 19 Subsections = 2779 buckets. Failed count: 11100
        96B: 56 Subsections = 7168 buckets. Failed count: 435
        112B: 7 Subsections = 796 buckets. Failed count: 10555
        128B: 8 Subsections = 819 buckets. Failed count: 5591
    [ALLOC_DEFAULT_MAIN]
      Peak usage frame count: [16.0 MB-32.0 MB]: 1635 frames, [32.0 MB-64.0 MB]: 1 frames
      Requested Block Size 16.0 MB
      Peak Block count 2
      Peak Allocated memory 49.6 MB
      Peak Large allocation bytes 24.2 MB
    [ALLOC_DEFAULT_THREAD]
      Peak usage frame count: [16.0 MB-32.0 MB]: 1636 frames
      Requested Block Size 16.0 MB
      Peak Block count 1
      Peak Allocated memory 20.3 MB
      Peak Large allocation bytes 16.0 MB
[ALLOC_TEMP_JOB_1_FRAME]
  Initial Block Size 2.0 MB
  Used Block Count 1
  Overflow Count (too large) 0
  Overflow Count (full) 0
[ALLOC_TEMP_JOB_2_FRAMES]
  Initial Block Size 2.0 MB
  Used Block Count 1
  Overflow Count (too large) 0
  Overflow Count (full) 0
[ALLOC_TEMP_JOB_4_FRAMES (JobTemp)]
  Initial Block Size 2.0 MB
  Used Block Count 3
  Overflow Count (too large) 0
  Overflow Count (full) 0
[ALLOC_TEMP_JOB_ASYNC (Background)]
  Initial Block Size 1.0 MB
  Used Block Count 4
  Overflow Count (too large) 0
  Overflow Count (full) 0
[ALLOC_GFX] Dual Thread Allocator
  Peak main deferred allocation count 5
    [ALLOC_BUCKET]
      Large Block size 4.0 MB
      Used Block count 1
      Peak Allocated bytes 2.0 MB
      Failed Allocations. Bucket layout:
        16B: 51 Subsections = 17408 buckets. Failed count: 21922
        32B: 46 Subsections = 11776 buckets. Failed count: 81560
        48B: 35 Subsections = 7168 buckets. Failed count: 42918
        64B: 34 Subsections = 5802 buckets. Failed count: 20614
        80B: 19 Subsections = 2779 buckets. Failed count: 11100
        96B: 56 Subsections = 7168 buckets. Failed count: 435
        112B: 7 Subsections = 796 buckets. Failed count: 10555
        128B: 8 Subsections = 819 buckets. Failed count: 5591
    [ALLOC_GFX_MAIN]
      Peak usage frame count: [128.0 KB-256.0 KB]: 1444 frames, [256.0 KB-0.5 MB]: 191 frames, [2.0 MB-4.0 MB]: 1 frames
      Requested Block Size 16.0 MB
      Peak Block count 1
      Peak Allocated memory 2.7 MB
      Peak Large allocation bytes 0 B
    [ALLOC_GFX_THREAD]
      Peak usage frame count: [0.5 MB-1.0 MB]: 1636 frames
      Requested Block Size 16.0 MB
      Peak Block count 1
      Peak Allocated memory 1.0 MB
      Peak Large allocation bytes 0 B
[ALLOC_CACHEOBJECTS] Dual Thread Allocator
  Peak main deferred allocation count 41
    [ALLOC_BUCKET]
      Large Block size 4.0 MB
      Used Block count 1
      Peak Allocated bytes 2.0 MB
      Failed Allocations. Bucket layout:
        16B: 51 Subsections = 17408 buckets. Failed count: 21922
        32B: 46 Subsections = 11776 buckets. Failed count: 81560
        48B: 35 Subsections = 7168 buckets. Failed count: 42918
        64B: 34 Subsections = 5802 buckets. Failed count: 20614
        80B: 19 Subsections = 2779 buckets. Failed count: 11100
        96B: 56 Subsections = 7168 buckets. Failed count: 435
        112B: 7 Subsections = 796 buckets. Failed count: 10555
        128B: 8 Subsections = 819 buckets. Failed count: 5591
    [ALLOC_CACHEOBJECTS_MAIN]
      Peak usage frame count: [8.0 MB-16.0 MB]: 1635 frames, [16.0 MB-32.0 MB]: 1 frames
      Requested Block Size 4.0 MB
      Peak Block count 5
      Peak Allocated memory 18.2 MB
      Peak Large allocation bytes 4.8 MB
    [ALLOC_CACHEOBJECTS_THREAD]
      Peak usage frame count: [8.0 MB-16.0 MB]: 476 frames, [32.0 MB-64.0 MB]: 1159 frames, [64.0 MB-128.0 MB]: 1 frames
      Requested Block Size 4.0 MB
      Peak Block count 15
      Peak Allocated memory 87.5 MB
      Peak Large allocation bytes 30.8 MB
[ALLOC_TYPETREE] Dual Thread Allocator
  Peak main deferred allocation count 0
    [ALLOC_BUCKET]
      Large Block size 4.0 MB
      Used Block count 1
      Peak Allocated bytes 2.0 MB
      Failed Allocations. Bucket layout:
        16B: 51 Subsections = 17408 buckets. Failed count: 21922
        32B: 46 Subsections = 11776 buckets. Failed count: 81560
        48B: 35 Subsections = 7168 buckets. Failed count: 42918
        64B: 34 Subsections = 5802 buckets. Failed count: 20614
        80B: 19 Subsections = 2779 buckets. Failed count: 11100
        96B: 56 Subsections = 7168 buckets. Failed count: 435
        112B: 7 Subsections = 796 buckets. Failed count: 10555
        128B: 8 Subsections = 819 buckets. Failed count: 5591
    [ALLOC_TYPETREE_MAIN]
      Peak usage frame count: [8.0 KB-16.0 KB]: 1636 frames
      Requested Block Size 2.0 MB
      Peak Block count 1
      Peak Allocated memory 15.7 KB
      Peak Large allocation bytes 0 B
    [ALLOC_TYPETREE_THREAD]
      Peak usage frame count: [16.0 KB-32.0 KB]: 1636 frames
      Requested Block Size 2.0 MB
      Peak Block count 1
      Peak Allocated memory 21.9 KB
      Peak Large allocation bytes 0 B
[ALLOC_PROFILER]
  Peak usage frame count: [128.0 KB-256.0 KB]: 1636 frames
  Requested Block Size 16.0 MB
  Peak Block count 1
  Peak Allocated memory 140.5 KB
  Peak Large allocation bytes 0 B
    [ALLOC_PROFILER_BUCKET]
      Large Block size 4.0 MB
      Used Block count 1
      Peak Allocated bytes 9.4 KB
##utp:{"type":"MemoryLeaks","version":2,"phase":"Immediate","time":1727144282340,"processId":8016,"allocatedMemory":6237195,"memoryLabels":[{"Default":9421},{"Permanent":10160},{"NewDelete":12632},{"Thread":4250916},{"Manager":14802},{"VertexData":12},{"Geometry":560},{"Texture":16},{"Shader":67233},{"Material":24},{"GfxDevice":51744},{"Animation":240},{"Audio":3928},{"FontEngine":272},{"Physics":304},{"Serialization":744},{"Input":14208},{"JobScheduler":200},{"Mono":40},{"ScriptingNativeRuntime":216},{"BaseObject":1617364},{"Resource":688},{"Renderer":1960},{"Transform":16},{"File":840},{"WebCam":40},{"Culling":40},{"Terrain":953},{"Wind":24},{"STL":48},{"String":3678},{"DynamicArray":30868},{"HashMap":12288},{"Utility":3857},{"PoolAlloc":1368},{"TypeTree":1792},{"ScriptManager":80},{"RuntimeInitializeOnLoadManager":80},{"SpriteAtlas":128},{"GI":3688},{"Unet":16},{"Director":7776},{"WebRequest":688},{"VR":45521},{"SceneManager":424},{"Video":32},{"LazyScriptCache":40},{"NativeArray":384},{"Camera":25},{"Secure":1},{"SerializationCache":624},{"APIUpdating":5872},{"Subsystems":392},{"VirtualTexturing":57888},{"AssetReference":40}]}
